{"message":"REDIS_URL not found in environment variables. Redis-dependent features will be disabled.","level":"warn","timestamp":"2026-05-31T16:04:33.742Z","requestId":"system"}
{"message":"OpenAPI document generated successfully.","level":"info","timestamp":"2026-05-31T16:04:34.162Z","requestId":"system"}
{"message":"Environment variables validated successfully.","level":"info","timestamp":"2026-05-31T16:04:34.264Z","requestId":"system"}
{"message":"Google Client ID loaded: 6673985772...","level":"info","timestamp":"2026-05-31T16:04:34.277Z","requestId":"system"}
{"message":"Google OAuth Strategy initialized successfully.","level":"info","timestamp":"2026-05-31T16:04:34.278Z","requestId":"system"}
{"message":"Server started on port 5000","level":"info","timestamp":"2026-05-31T16:04:34.285Z","requestId":"system"}
{"message":"Mongoose connected to MongoDB.","level":"info","timestamp":"2026-05-31T16:04:34.314Z","requestId":"system"}
{"message":"MongoDB Connected: localhost","level":"info","timestamp":"2026-05-31T16:04:34.318Z","requestId":"system"}
{"message":"Google OAuth Strategy invoked.","level":"debug","timestamp":"2026-05-31T16:23:19.746Z","requestId":"45a3f72a-d0dd-4c18-ab62-956d66e64afe"}
{"level":"debug","message":"User not found, creating new user.","timestamp":"2026-05-31T16:23:19.796Z","requestId":"45a3f72a-d0dd-4c18-ab62-956d66e64afe"}
{"message":"New user created with Google ID: 116164854308355629728","level":"info","timestamp":"2026-05-31T16:23:19.877Z","requestId":"45a3f72a-d0dd-4c18-ab62-956d66e64afe"}
{"message":"Socket.IO authentication middleware started.","level":"debug","timestamp":"2026-05-31T16:23:20.169Z","requestId":"system"}
{"message":"Socket authenticated successfully. User ID: 6a1c6077020a8672571097a8","level":"info","timestamp":"2026-05-31T16:23:20.170Z","requestId":"system"}
{"message":"A user connected: 6a1c6077020a8672571097a8","level":"info","timestamp":"2026-05-31T16:23:20.171Z","requestId":"system"}
{"message":"Socket EtuyMrjXzQpzH488AAAC joined room for user 6a1c6077020a8672571097a8","level":"info","timestamp":"2026-05-31T16:23:20.172Z","requestId":"system"}
{"message":"User 6a1c6077020a8672571097a8 disconnected from socket EtuyMrjXzQpzH488AAAC","level":"info","timestamp":"2026-05-31T16:23:20.188Z","requestId":"system"}
{"message":"REDIS_URL not found in environment variables. Redis-dependent features will be disabled.","level":"warn","timestamp":"2026-05-31T16:24:31.305Z","requestId":"system"}
{"message":"OpenAPI document generated successfully.","level":"info","timestamp":"2026-05-31T16:24:31.739Z","requestId":"system"}
{"message":"Environment variables validated successfully.","level":"info","timestamp":"2026-05-31T16:24:31.803Z","requestId":"system"}
{"message":"Google Client ID loaded: 6673985772...","level":"info","timestamp":"2026-05-31T16:24:31.816Z","requestId":"system"}
{"message":"Google OAuth Strategy initialized successfully.","level":"info","timestamp":"2026-05-31T16:24:31.817Z","requestId":"system"}
{"message":"Server started on port 5000","level":"info","timestamp":"2026-05-31T16:24:31.824Z","requestId":"system"}
{"message":"Mongoose connected to MongoDB.","level":"info","timestamp":"2026-05-31T16:24:31.832Z","requestId":"system"}
{"message":"MongoDB Connected: localhost","level":"info","timestamp":"2026-05-31T16:24:31.836Z","requestId":"system"}
{"message":"REDIS_URL not found in environment variables. Redis-dependent features will be disabled.","level":"warn","timestamp":"2026-05-31T16:24:43.263Z","requestId":"system"}
{"message":"OpenAPI document generated successfully.","level":"info","timestamp":"2026-05-31T16:24:43.698Z","requestId":"system"}
{"message":"Environment variables validated successfully.","level":"info","timestamp":"2026-05-31T16:24:43.762Z","requestId":"system"}
{"message":"Google Client ID loaded: 6673985772...","level":"info","timestamp":"2026-05-31T16:24:43.775Z","requestId":"system"}
{"message":"Google OAuth Strategy initialized successfully.","level":"info","timestamp":"2026-05-31T16:24:43.776Z","requestId":"system"}
{"message":"Server started on port 5000","level":"info","timestamp":"2026-05-31T16:24:43.784Z","requestId":"system"}
{"message":"Mongoose connected to MongoDB.","level":"info","timestamp":"2026-05-31T16:24:43.793Z","requestId":"system"}
{"message":"MongoDB Connected: localhost","level":"info","timestamp":"2026-05-31T16:24:43.797Z","requestId":"system"}
{"message":"Socket.IO authentication middleware started.","level":"debug","timestamp":"2026-05-31T16:26:22.990Z","requestId":"system"}
{"message":"Socket authenticated successfully. User ID: 6a1c6077020a8672571097a8","level":"info","timestamp":"2026-05-31T16:26:22.992Z","requestId":"system"}
{"message":"A user connected: 6a1c6077020a8672571097a8","level":"info","timestamp":"2026-05-31T16:26:22.993Z","requestId":"system"}
{"message":"Socket K9z50x__jTkDXRmkAAAC joined room for user 6a1c6077020a8672571097a8","level":"info","timestamp":"2026-05-31T16:26:22.993Z","requestId":"system"}
{"message":"Socket.IO authentication middleware started.","level":"debug","timestamp":"2026-05-31T16:27:27.442Z","requestId":"system"}
{"message":"Socket authenticated successfully. User ID: 6a19183abab82352f5f46a43","level":"info","timestamp":"2026-05-31T16:27:27.443Z","requestId":"system"}
{"message":"A user connected: 6a19183abab82352f5f46a43","level":"info","timestamp":"2026-05-31T16:27:27.443Z","requestId":"system"}
{"message":"Socket LQFlWje0Tm_l4hnFAAAF joined room for user 6a19183abab82352f5f46a43","level":"info","timestamp":"2026-05-31T16:27:27.443Z","requestId":"system"}
{"message":"User 6a1c6077020a8672571097a8 disconnected from socket K9z50x__jTkDXRmkAAAC","level":"info","timestamp":"2026-05-31T16:27:59.460Z","requestId":"system"}
{"message":"Socket.IO authentication middleware started.","level":"debug","timestamp":"2026-05-31T16:27:59.666Z","requestId":"system"}
{"message":"Socket authenticated successfully. User ID: 6a1c6077020a8672571097a8","level":"info","timestamp":"2026-05-31T16:27:59.667Z","requestId":"system"}
{"message":"A user connected: 6a1c6077020a8672571097a8","level":"info","timestamp":"2026-05-31T16:27:59.668Z","requestId":"system"}
{"message":"Socket 5DYBUU_xQQPmMC38AAAI joined room for user 6a1c6077020a8672571097a8","level":"info","timestamp":"2026-05-31T16:27:59.668Z","requestId":"system"}
{"message":"REDIS_URL not found in environment variables. Redis-dependent features will be disabled.","level":"warn","timestamp":"2026-05-31T16:28:52.962Z","requestId":"system"}
{"message":"OpenAPI document generated successfully.","level":"info","timestamp":"2026-05-31T16:28:53.442Z","requestId":"system"}
{"message":"Environment variables validated successfully.","level":"info","timestamp":"2026-05-31T16:28:53.511Z","requestId":"system"}
{"message":"Google Client ID loaded: 6673985772...","level":"info","timestamp":"2026-05-31T16:28:53.527Z","requestId":"system"}
{"message":"Google OAuth Strategy initialized successfully.","level":"info","timestamp":"2026-05-31T16:28:53.533Z","requestId":"system"}
{"message":"Server started on port 5000","level":"info","timestamp":"2026-05-31T16:28:53.545Z","requestId":"system"}
{"message":"Mongoose connected to MongoDB.","level":"info","timestamp":"2026-05-31T16:28:53.556Z","requestId":"system"}
{"message":"MongoDB Connected: localhost","level":"info","timestamp":"2026-05-31T16:28:53.564Z","requestId":"system"}
{"message":"Socket.IO authentication middleware started.","level":"debug","timestamp":"2026-05-31T16:28:53.741Z","requestId":"system"}
{"message":"Socket authenticated successfully. User ID: 6a1c6077020a8672571097a8","level":"info","timestamp":"2026-05-31T16:28:53.745Z","requestId":"system"}
{"message":"A user connected: 6a1c6077020a8672571097a8","level":"info","timestamp":"2026-05-31T16:28:53.746Z","requestId":"system"}
{"message":"Socket mnCLThPMFD3G2d5NAAAC joined room for user 6a1c6077020a8672571097a8","level":"info","timestamp":"2026-05-31T16:28:53.746Z","requestId":"system"}
{"message":"Socket.IO authentication middleware started.","level":"debug","timestamp":"2026-05-31T16:28:53.748Z","requestId":"system"}
{"message":"Socket authenticated successfully. User ID: 6a19183abab82352f5f46a43","level":"info","timestamp":"2026-05-31T16:28:53.748Z","requestId":"system"}
{"message":"A user connected: 6a19183abab82352f5f46a43","level":"info","timestamp":"2026-05-31T16:28:53.749Z","requestId":"system"}
{"message":"Socket Ikc2ZYDXXRArGFxSAAAD joined room for user 6a19183abab82352f5f46a43","level":"info","timestamp":"2026-05-31T16:28:53.749Z","requestId":"system"}
{"message":"REDIS_URL not found in environment variables. Redis-dependent features will be disabled.","level":"warn","timestamp":"2026-05-31T16:29:16.455Z","requestId":"system"}
{"message":"OpenAPI document generated successfully.","level":"info","timestamp":"2026-05-31T16:29:16.928Z","requestId":"system"}
{"message":"Environment variables validated successfully.","level":"info","timestamp":"2026-05-31T16:29:16.996Z","requestId":"system"}
{"message":"Google Client ID loaded: 6673985772...","level":"info","timestamp":"2026-05-31T16:29:17.015Z","requestId":"system"}
{"message":"Google OAuth Strategy initialized successfully.","level":"info","timestamp":"2026-05-31T16:29:17.017Z","requestId":"system"}
{"message":"Server started on port 5000","level":"info","timestamp":"2026-05-31T16:29:17.026Z","requestId":"system"}
{"message":"Mongoose connected to MongoDB.","level":"info","timestamp":"2026-05-31T16:29:17.039Z","requestId":"system"}
{"message":"MongoDB Connected: localhost","level":"info","timestamp":"2026-05-31T16:29:17.047Z","requestId":"system"}
{"message":"Socket.IO authentication middleware started.","level":"debug","timestamp":"2026-05-31T16:29:17.060Z","requestId":"system"}
{"message":"Socket authenticated successfully. User ID: 6a19183abab82352f5f46a43","level":"info","timestamp":"2026-05-31T16:29:17.063Z","requestId":"system"}
{"message":"A user connected: 6a19183abab82352f5f46a43","level":"info","timestamp":"2026-05-31T16:29:17.064Z","requestId":"system"}
{"message":"Socket F_Af7ObDB0wNZa6aAAAB joined room for user 6a19183abab82352f5f46a43","level":"info","timestamp":"2026-05-31T16:29:17.064Z","requestId":"system"}
{"message":"Socket.IO authentication middleware started.","level":"debug","timestamp":"2026-05-31T16:29:17.075Z","requestId":"system"}
{"message":"Socket authenticated successfully. User ID: 6a1c6077020a8672571097a8","level":"info","timestamp":"2026-05-31T16:29:17.075Z","requestId":"system"}
{"message":"A user connected: 6a1c6077020a8672571097a8","level":"info","timestamp":"2026-05-31T16:29:17.076Z","requestId":"system"}
{"message":"Socket mTwsh__DhFPm_VPrAAAD joined room for user 6a1c6077020a8672571097a8","level":"info","timestamp":"2026-05-31T16:29:17.076Z","requestId":"system"}
{"message":"REDIS_URL not found in environment variables. Redis-dependent features will be disabled.","level":"warn","timestamp":"2026-05-31T16:29:40.844Z","requestId":"system"}
{"message":"OpenAPI document generated successfully.","level":"info","timestamp":"2026-05-31T16:29:41.384Z","requestId":"system"}
{"message":"Environment variables validated successfully.","level":"info","timestamp":"2026-05-31T16:29:41.455Z","requestId":"system"}
{"message":"Google Client ID loaded: 6673985772...","level":"info","timestamp":"2026-05-31T16:29:41.470Z","requestId":"system"}
{"message":"Google OAuth Strategy initialized successfully.","level":"info","timestamp":"2026-05-31T16:29:41.471Z","requestId":"system"}
{"message":"Server started on port 5000","level":"info","timestamp":"2026-05-31T16:29:41.480Z","requestId":"system"}
{"message":"Mongoose connected to MongoDB.","level":"info","timestamp":"2026-05-31T16:29:41.491Z","requestId":"system"}
{"message":"MongoDB Connected: localhost","level":"info","timestamp":"2026-05-31T16:29:41.495Z","requestId":"system"}
{"message":"Socket.IO authentication middleware started.","level":"debug","timestamp":"2026-05-31T16:29:41.513Z","requestId":"system"}
{"message":"Socket authenticated successfully. User ID: 6a1c6077020a8672571097a8","level":"info","timestamp":"2026-05-31T16:29:41.516Z","requestId":"system"}
{"message":"A user connected: 6a1c6077020a8672571097a8","level":"info","timestamp":"2026-05-31T16:29:41.518Z","requestId":"system"}
{"message":"Socket D9DWZVQoQByFJFfnAAAC joined room for user 6a1c6077020a8672571097a8","level":"info","timestamp":"2026-05-31T16:29:41.518Z","requestId":"system"}
{"message":"Socket.IO authentication middleware started.","level":"debug","timestamp":"2026-05-31T16:29:41.523Z","requestId":"system"}
{"message":"Socket authenticated successfully. User ID: 6a19183abab82352f5f46a43","level":"info","timestamp":"2026-05-31T16:29:41.524Z","requestId":"system"}
{"message":"A user connected: 6a19183abab82352f5f46a43","level":"info","timestamp":"2026-05-31T16:29:41.524Z","requestId":"system"}
{"message":"Socket 6HRuDloKd2QU66fwAAAD joined room for user 6a19183abab82352f5f46a43","level":"info","timestamp":"2026-05-31T16:29:41.525Z","requestId":"system"}
{"message":"REDIS_URL not found in environment variables. Redis-dependent features will be disabled.","level":"warn","timestamp":"2026-05-31T16:30:03.415Z","requestId":"system"}
{"message":"OpenAPI document generated successfully.","level":"info","timestamp":"2026-05-31T16:30:03.943Z","requestId":"system"}
{"message":"Environment variables validated successfully.","level":"info","timestamp":"2026-05-31T16:30:04.017Z","requestId":"system"}
{"message":"Google Client ID loaded: 6673985772...","level":"info","timestamp":"2026-05-31T16:30:04.032Z","requestId":"system"}
{"message":"Google OAuth Strategy initialized successfully.","level":"info","timestamp":"2026-05-31T16:30:04.033Z","requestId":"system"}
{"message":"Server started on port 5000","level":"info","timestamp":"2026-05-31T16:30:04.044Z","requestId":"system"}
{"message":"Socket.IO authentication middleware started.","level":"debug","timestamp":"2026-05-31T16:30:04.063Z","requestId":"system"}
{"message":"Socket authenticated successfully. User ID: 6a1c6077020a8672571097a8","level":"info","timestamp":"2026-05-31T16:30:04.065Z","requestId":"system"}
{"message":"A user connected: 6a1c6077020a8672571097a8","level":"info","timestamp":"2026-05-31T16:30:04.066Z","requestId":"system"}
{"message":"Socket KNp4o5GhktDI2nIiAAAC joined room for user 6a1c6077020a8672571097a8","level":"info","timestamp":"2026-05-31T16:30:04.067Z","requestId":"system"}
{"message":"Socket.IO authentication middleware started.","level":"debug","timestamp":"2026-05-31T16:30:04.068Z","requestId":"system"}
{"message":"Socket authenticated successfully. User ID: 6a19183abab82352f5f46a43","level":"info","timestamp":"2026-05-31T16:30:04.068Z","requestId":"system"}
{"message":"A user connected: 6a19183abab82352f5f46a43","level":"info","timestamp":"2026-05-31T16:30:04.069Z","requestId":"system"}
{"message":"Socket pZ38_PQdm4traej1AAAD joined room for user 6a19183abab82352f5f46a43","level":"info","timestamp":"2026-05-31T16:30:04.069Z","requestId":"system"}
{"message":"Mongoose connected to MongoDB.","level":"info","timestamp":"2026-05-31T16:30:04.077Z","requestId":"system"}
{"message":"MongoDB Connected: localhost","level":"info","timestamp":"2026-05-31T16:30:04.080Z","requestId":"system"}
{"message":"REDIS_URL not found in environment variables. Redis-dependent features will be disabled.","level":"warn","timestamp":"2026-05-31T16:42:14.885Z","requestId":"system"}
{"message":"OpenAPI document generated successfully.","level":"info","timestamp":"2026-05-31T16:42:15.411Z","requestId":"system"}
{"message":"Environment variables validated successfully.","level":"info","timestamp":"2026-05-31T16:42:15.493Z","requestId":"system"}
{"message":"Google Client ID loaded: 6673985772...","level":"info","timestamp":"2026-05-31T16:42:15.512Z","requestId":"system"}
{"message":"Google OAuth Strategy initialized successfully.","level":"info","timestamp":"2026-05-31T16:42:15.513Z","requestId":"system"}
{"message":"Server started on port 5000","level":"info","timestamp":"2026-05-31T16:42:15.522Z","requestId":"system"}
{"message":"Mongoose connected to MongoDB.","level":"info","timestamp":"2026-05-31T16:42:15.532Z","requestId":"system"}
{"message":"MongoDB Connected: localhost","level":"info","timestamp":"2026-05-31T16:42:15.535Z","requestId":"system"}
{"message":"Socket.IO authentication middleware started.","level":"debug","timestamp":"2026-05-31T16:42:15.567Z","requestId":"system"}
{"message":"Socket authenticated successfully. User ID: 6a1c6077020a8672571097a8","level":"info","timestamp":"2026-05-31T16:42:15.571Z","requestId":"system"}
{"message":"A user connected: 6a1c6077020a8672571097a8","level":"info","timestamp":"2026-05-31T16:42:15.572Z","requestId":"system"}
{"message":"Socket menH7qFchZYLb9G-AAAC joined room for user 6a1c6077020a8672571097a8","level":"info","timestamp":"2026-05-31T16:42:15.572Z","requestId":"system"}
{"message":"Socket.IO authentication middleware started.","level":"debug","timestamp":"2026-05-31T16:42:15.574Z","requestId":"system"}
{"message":"Socket authenticated successfully. User ID: 6a19183abab82352f5f46a43","level":"info","timestamp":"2026-05-31T16:42:15.575Z","requestId":"system"}
{"message":"A user connected: 6a19183abab82352f5f46a43","level":"info","timestamp":"2026-05-31T16:42:15.575Z","requestId":"system"}
{"message":"Socket dhWdRYqZuNxn0IkCAAAD joined room for user 6a19183abab82352f5f46a43","level":"info","timestamp":"2026-05-31T16:42:15.576Z","requestId":"system"}
{"message":"Received join_gig event for gigId: 6a1c618be08590c447a6b18a from user 6a19183abab82352f5f46a43","level":"debug","timestamp":"2026-05-31T16:44:48.102Z","requestId":"system"}
{"message":"Received join_gig event for gigId: 6a1c618be08590c447a6b18a from user 6a19183abab82352f5f46a43","level":"debug","timestamp":"2026-05-31T16:44:48.103Z","requestId":"system"}
{"message":"Socket dhWdRYqZuNxn0IkCAAAD (User: 6a19183abab82352f5f46a43) joined gig room: gig_6a1c618be08590c447a6b18a","level":"info","timestamp":"2026-05-31T16:44:48.109Z","requestId":"system"}
{"message":"Socket dhWdRYqZuNxn0IkCAAAD (User: 6a19183abab82352f5f46a43) joined gig room: gig_6a1c618be08590c447a6b18a","level":"info","timestamp":"2026-05-31T16:44:48.114Z","requestId":"system"}
{"message":"REDIS_URL not found in environment variables. Redis-dependent features will be disabled.","level":"warn","timestamp":"2026-05-31T16:46:57.087Z","requestId":"system"}
{"message":"OpenAPI document generated successfully.","level":"info","timestamp":"2026-05-31T16:46:57.630Z","requestId":"system"}
{"message":"Environment variables validated successfully.","level":"info","timestamp":"2026-05-31T16:46:57.705Z","requestId":"system"}
{"message":"Google Client ID loaded: 6673985772...","level":"info","timestamp":"2026-05-31T16:46:57.722Z","requestId":"system"}
{"message":"Google OAuth Strategy initialized successfully.","level":"info","timestamp":"2026-05-31T16:46:57.723Z","requestId":"system"}
{"message":"Server started on port 5000","level":"info","timestamp":"2026-05-31T16:46:57.733Z","requestId":"system"}
{"message":"Mongoose connected to MongoDB.","level":"info","timestamp":"2026-05-31T16:46:57.746Z","requestId":"system"}
{"message":"MongoDB Connected: localhost","level":"info","timestamp":"2026-05-31T16:46:57.749Z","requestId":"system"}
{"message":"Socket.IO authentication middleware started.","level":"debug","timestamp":"2026-05-31T16:46:57.800Z","requestId":"system"}
{"message":"Socket authenticated successfully. User ID: 6a1c6077020a8672571097a8","level":"info","timestamp":"2026-05-31T16:46:57.803Z","requestId":"system"}
{"message":"A user connected: 6a1c6077020a8672571097a8","level":"info","timestamp":"2026-05-31T16:46:57.803Z","requestId":"system"}
{"message":"Socket 8Kvg9lNLHa8OtdIiAAAC joined room for user 6a1c6077020a8672571097a8","level":"info","timestamp":"2026-05-31T16:46:57.804Z","requestId":"system"}
{"message":"Socket.IO authentication middleware started.","level":"debug","timestamp":"2026-05-31T16:46:57.806Z","requestId":"system"}
{"message":"Socket authenticated successfully. User ID: 6a19183abab82352f5f46a43","level":"info","timestamp":"2026-05-31T16:46:57.806Z","requestId":"system"}
{"message":"A user connected: 6a19183abab82352f5f46a43","level":"info","timestamp":"2026-05-31T16:46:57.808Z","requestId":"system"}
{"message":"Socket ifVZ6yvefiS-4eieAAAD joined room for user 6a19183abab82352f5f46a43","level":"info","timestamp":"2026-05-31T16:46:57.808Z","requestId":"system"}
{"message":"User 6a1c6077020a8672571097a8 disconnected from socket 8Kvg9lNLHa8OtdIiAAAC","level":"info","timestamp":"2026-05-31T16:48:07.278Z","requestId":"system"}
{"message":"Socket.IO authentication middleware started.","level":"debug","timestamp":"2026-05-31T16:48:07.535Z","requestId":"system"}
{"message":"Socket authenticated successfully. User ID: 6a1c6077020a8672571097a8","level":"info","timestamp":"2026-05-31T16:48:07.537Z","requestId":"system"}
{"message":"A user connected: 6a1c6077020a8672571097a8","level":"info","timestamp":"2026-05-31T16:48:07.538Z","requestId":"system"}
{"message":"Socket xx2hYa9G2cRwrt72AAAG joined room for user 6a1c6077020a8672571097a8","level":"info","timestamp":"2026-05-31T16:48:07.538Z","requestId":"system"}
{"message":"User 6a1c6077020a8672571097a8 disconnected from socket xx2hYa9G2cRwrt72AAAG","level":"info","timestamp":"2026-05-31T17:18:53.192Z","requestId":"system"}
{"message":"REDIS_URL not found in environment variables. Redis-dependent features will be disabled.","level":"warn","timestamp":"2026-05-31T17:53:41.224Z","requestId":"system"}
{"message":"OpenAPI document generated successfully.","level":"info","timestamp":"2026-05-31T17:53:41.775Z","requestId":"system"}
{"message":"Environment variables validated successfully.","level":"info","timestamp":"2026-05-31T17:53:41.846Z","requestId":"system"}
{"message":"Google Client ID loaded: 6673985772...","level":"info","timestamp":"2026-05-31T17:53:41.859Z","requestId":"system"}
{"message":"Google OAuth Strategy initialized successfully.","level":"info","timestamp":"2026-05-31T17:53:41.860Z","requestId":"system"}
{"message":"Server started on port 5000","level":"info","timestamp":"2026-05-31T17:53:41.871Z","requestId":"system"}
{"message":"Mongoose connected to MongoDB.","level":"info","timestamp":"2026-05-31T17:53:41.883Z","requestId":"system"}
{"message":"MongoDB Connected: localhost","level":"info","timestamp":"2026-05-31T17:53:41.891Z","requestId":"system"}
{"message":"Socket.IO authentication middleware started.","level":"debug","timestamp":"2026-05-31T17:53:42.029Z","requestId":"system"}
{"message":"Socket authenticated successfully. User ID: 6a19183abab82352f5f46a43","level":"info","timestamp":"2026-05-31T17:53:42.033Z","requestId":"system"}
{"message":"A user connected: 6a19183abab82352f5f46a43","level":"info","timestamp":"2026-05-31T17:53:42.035Z","requestId":"system"}
{"message":"Socket hKyz19EOpNjecGVrAAAB joined room for user 6a19183abab82352f5f46a43","level":"info","timestamp":"2026-05-31T17:53:42.036Z","requestId":"system"}
{"message":"Socket.IO authentication middleware started.","level":"debug","timestamp":"2026-05-31T17:53:50.314Z","requestId":"system"}
{"message":"Socket authenticated successfully. User ID: 6a1c6077020a8672571097a8","level":"info","timestamp":"2026-05-31T17:53:50.316Z","requestId":"system"}
{"message":"A user connected: 6a1c6077020a8672571097a8","level":"info","timestamp":"2026-05-31T17:53:50.316Z","requestId":"system"}
{"message":"Socket smTedssnaaMjpfnxAAAD joined room for user 6a1c6077020a8672571097a8","level":"info","timestamp":"2026-05-31T17:53:50.316Z","requestId":"system"}
{"message":"User 6a1c6077020a8672571097a8 disconnected from socket smTedssnaaMjpfnxAAAD","level":"info","timestamp":"2026-05-31T17:53:54.263Z","requestId":"system"}
{"message":"Socket.IO authentication middleware started.","level":"debug","timestamp":"2026-05-31T17:53:54.557Z","requestId":"system"}
{"message":"Socket authenticated successfully. User ID: 6a1c6077020a8672571097a8","level":"info","timestamp":"2026-05-31T17:53:54.557Z","requestId":"system"}
{"message":"A user connected: 6a1c6077020a8672571097a8","level":"info","timestamp":"2026-05-31T17:53:54.558Z","requestId":"system"}
{"message":"Socket RlagIAKT0kkrNDsiAAAG joined room for user 6a1c6077020a8672571097a8","level":"info","timestamp":"2026-05-31T17:53:54.558Z","requestId":"system"}
{"message":"User 6a1c6077020a8672571097a8 disconnected from socket RlagIAKT0kkrNDsiAAAG","level":"info","timestamp":"2026-05-31T17:53:55.304Z","requestId":"system"}
{"message":"Socket.IO authentication middleware started.","level":"debug","timestamp":"2026-05-31T17:53:55.538Z","requestId":"system"}
{"message":"Socket authenticated successfully. User ID: 6a1c6077020a8672571097a8","level":"info","timestamp":"2026-05-31T17:53:55.538Z","requestId":"system"}
{"message":"A user connected: 6a1c6077020a8672571097a8","level":"info","timestamp":"2026-05-31T17:53:55.539Z","requestId":"system"}
{"message":"Socket 00b83YxA7Nj7bu_6AAAJ joined room for user 6a1c6077020a8672571097a8","level":"info","timestamp":"2026-05-31T17:53:55.539Z","requestId":"system"}
{"message":"REDIS_URL not found in environment variables. Redis-dependent features will be disabled.","level":"warn","timestamp":"2026-05-31T17:54:01.303Z","requestId":"system"}
{"message":"OpenAPI document generated successfully.","level":"info","timestamp":"2026-05-31T17:54:01.791Z","requestId":"system"}
{"message":"Environment variables validated successfully.","level":"info","timestamp":"2026-05-31T17:54:01.862Z","requestId":"system"}
{"message":"Google Client ID loaded: 6673985772...","level":"info","timestamp":"2026-05-31T17:54:01.877Z","requestId":"system"}
{"message":"Google OAuth Strategy initialized successfully.","level":"info","timestamp":"2026-05-31T17:54:01.880Z","requestId":"system"}
{"message":"Server started on port 5000","level":"info","timestamp":"2026-05-31T17:54:01.887Z","requestId":"system"}
{"message":"Mongoose connected to MongoDB.","level":"info","timestamp":"2026-05-31T17:54:01.896Z","requestId":"system"}
{"message":"MongoDB Connected: localhost","level":"info","timestamp":"2026-05-31T17:54:01.899Z","requestId":"system"}
{"message":"Socket.IO authentication middleware started.","level":"debug","timestamp":"2026-05-31T17:54:04.241Z","requestId":"system"}
{"message":"Socket authenticated successfully. User ID: 6a19183abab82352f5f46a43","level":"info","timestamp":"2026-05-31T17:54:04.245Z","requestId":"system"}
{"message":"A user connected: 6a19183abab82352f5f46a43","level":"info","timestamp":"2026-05-31T17:54:04.246Z","requestId":"system"}
{"message":"Socket AKuSKB6apkc_VQKTAAAB joined room for user 6a19183abab82352f5f46a43","level":"info","timestamp":"2026-05-31T17:54:04.246Z","requestId":"system"}
{"message":"Socket.IO authentication middleware started.","level":"debug","timestamp":"2026-05-31T17:54:05.228Z","requestId":"system"}
{"message":"Socket authenticated successfully. User ID: 6a1c6077020a8672571097a8","level":"info","timestamp":"2026-05-31T17:54:05.229Z","requestId":"system"}
{"message":"A user connected: 6a1c6077020a8672571097a8","level":"info","timestamp":"2026-05-31T17:54:05.229Z","requestId":"system"}
{"message":"Socket vEzmATPWMMlaxipeAAAD joined room for user 6a1c6077020a8672571097a8","level":"info","timestamp":"2026-05-31T17:54:05.229Z","requestId":"system"}
{"message":"REDIS_URL not found in environment variables. Redis-dependent features will be disabled.","level":"warn","timestamp":"2026-05-31T17:54:14.184Z","requestId":"system"}
{"message":"OpenAPI document generated successfully.","level":"info","timestamp":"2026-05-31T17:54:14.695Z","requestId":"system"}
{"message":"Environment variables validated successfully.","level":"info","timestamp":"2026-05-31T17:54:14.768Z","requestId":"system"}
{"message":"Google Client ID loaded: 6673985772...","level":"info","timestamp":"2026-05-31T17:54:14.783Z","requestId":"system"}
{"message":"Google OAuth Strategy initialized successfully.","level":"info","timestamp":"2026-05-31T17:54:14.785Z","requestId":"system"}
{"message":"Server started on port 5000","level":"info","timestamp":"2026-05-31T17:54:14.795Z","requestId":"system"}
{"message":"Mongoose connected to MongoDB.","level":"info","timestamp":"2026-05-31T17:54:14.803Z","requestId":"system"}
{"message":"MongoDB Connected: localhost","level":"info","timestamp":"2026-05-31T17:54:14.806Z","requestId":"system"}
{"message":"Socket.IO authentication middleware started.","level":"debug","timestamp":"2026-05-31T17:54:14.833Z","requestId":"system"}
{"message":"Socket authenticated successfully. User ID: 6a19183abab82352f5f46a43","level":"info","timestamp":"2026-05-31T17:54:14.837Z","requestId":"system"}
{"message":"A user connected: 6a19183abab82352f5f46a43","level":"info","timestamp":"2026-05-31T17:54:14.837Z","requestId":"system"}
{"message":"Socket oD78sDFvnXm09NKWAAAC joined room for user 6a19183abab82352f5f46a43","level":"info","timestamp":"2026-05-31T17:54:14.838Z","requestId":"system"}
{"message":"Socket.IO authentication middleware started.","level":"debug","timestamp":"2026-05-31T17:54:14.838Z","requestId":"system"}
{"message":"Socket authenticated successfully. User ID: 6a1c6077020a8672571097a8","level":"info","timestamp":"2026-05-31T17:54:14.839Z","requestId":"system"}
{"message":"A user connected: 6a1c6077020a8672571097a8","level":"info","timestamp":"2026-05-31T17:54:14.840Z","requestId":"system"}
{"message":"Socket 0a6HMZP6J-Kvm8WoAAAD joined room for user 6a1c6077020a8672571097a8","level":"info","timestamp":"2026-05-31T17:54:14.840Z","requestId":"system"}
{"message":"REDIS_URL not found in environment variables. Redis-dependent features will be disabled.","level":"warn","timestamp":"2026-05-31T17:54:36.055Z","requestId":"system"}
{"message":"OpenAPI document generated successfully.","level":"info","timestamp":"2026-05-31T17:54:36.586Z","requestId":"system"}
{"message":"Environment variables validated successfully.","level":"info","timestamp":"2026-05-31T17:54:36.663Z","requestId":"system"}
{"message":"Google Client ID loaded: 6673985772...","level":"info","timestamp":"2026-05-31T17:54:36.681Z","requestId":"system"}
{"message":"Google OAuth Strategy initialized successfully.","level":"info","timestamp":"2026-05-31T17:54:36.682Z","requestId":"system"}
{"message":"Server started on port 5000","level":"info","timestamp":"2026-05-31T17:54:36.691Z","requestId":"system"}
{"message":"Mongoose connected to MongoDB.","level":"info","timestamp":"2026-05-31T17:54:36.703Z","requestId":"system"}
{"message":"MongoDB Connected: localhost","level":"info","timestamp":"2026-05-31T17:54:36.710Z","requestId":"system"}
{"message":"Socket.IO authentication middleware started.","level":"debug","timestamp":"2026-05-31T17:54:38.224Z","requestId":"system"}
{"message":"Socket authenticated successfully. User ID: 6a1c6077020a8672571097a8","level":"info","timestamp":"2026-05-31T17:54:38.227Z","requestId":"system"}
{"message":"A user connected: 6a1c6077020a8672571097a8","level":"info","timestamp":"2026-05-31T17:54:38.228Z","requestId":"system"}
{"message":"Socket pTTY_rSMlM1gEfRlAAAB joined room for user 6a1c6077020a8672571097a8","level":"info","timestamp":"2026-05-31T17:54:38.228Z","requestId":"system"}
{"message":"Socket.IO authentication middleware started.","level":"debug","timestamp":"2026-05-31T17:54:39.228Z","requestId":"system"}
{"message":"Socket authenticated successfully. User ID: 6a19183abab82352f5f46a43","level":"info","timestamp":"2026-05-31T17:54:39.229Z","requestId":"system"}
{"message":"A user connected: 6a19183abab82352f5f46a43","level":"info","timestamp":"2026-05-31T17:54:39.230Z","requestId":"system"}
{"message":"Socket MNYFoYXacfBZ5t0cAAAD joined room for user 6a19183abab82352f5f46a43","level":"info","timestamp":"2026-05-31T17:54:39.230Z","requestId":"system"}
{"message":"REDIS_URL not found in environment variables. Redis-dependent features will be disabled.","level":"warn","timestamp":"2026-05-31T17:54:47.557Z","requestId":"system"}
{"message":"OpenAPI document generated successfully.","level":"info","timestamp":"2026-05-31T17:54:48.138Z","requestId":"system"}
{"message":"Environment variables validated successfully.","level":"info","timestamp":"2026-05-31T17:54:48.208Z","requestId":"system"}
{"message":"Google Client ID loaded: 6673985772...","level":"info","timestamp":"2026-05-31T17:54:48.224Z","requestId":"system"}
{"message":"Google OAuth Strategy initialized successfully.","level":"info","timestamp":"2026-05-31T17:54:48.225Z","requestId":"system"}
{"message":"Server started on port 5000","level":"info","timestamp":"2026-05-31T17:54:48.234Z","requestId":"system"}
{"message":"Mongoose connected to MongoDB.","level":"info","timestamp":"2026-05-31T17:54:48.245Z","requestId":"system"}
{"message":"MongoDB Connected: localhost","level":"info","timestamp":"2026-05-31T17:54:48.248Z","requestId":"system"}
{"message":"Socket.IO authentication middleware started.","level":"debug","timestamp":"2026-05-31T17:54:48.274Z","requestId":"system"}
{"message":"Socket authenticated successfully. User ID: 6a1c6077020a8672571097a8","level":"info","timestamp":"2026-05-31T17:54:48.278Z","requestId":"system"}
{"message":"A user connected: 6a1c6077020a8672571097a8","level":"info","timestamp":"2026-05-31T17:54:48.279Z","requestId":"system"}
{"message":"Socket zTGAxtQJC0Ti7latAAAB joined room for user 6a1c6077020a8672571097a8","level":"info","timestamp":"2026-05-31T17:54:48.279Z","requestId":"system"}
{"message":"Socket.IO authentication middleware started.","level":"debug","timestamp":"2026-05-31T17:54:49.227Z","requestId":"system"}
{"message":"Socket authenticated successfully. User ID: 6a19183abab82352f5f46a43","level":"info","timestamp":"2026-05-31T17:54:49.228Z","requestId":"system"}
{"message":"A user connected: 6a19183abab82352f5f46a43","level":"info","timestamp":"2026-05-31T17:54:49.228Z","requestId":"system"}
{"message":"Socket dXbwSKm35JI43vgNAAAD joined room for user 6a19183abab82352f5f46a43","level":"info","timestamp":"2026-05-31T17:54:49.229Z","requestId":"system"}
{"message":"User 6a1c6077020a8672571097a8 disconnected from socket zTGAxtQJC0Ti7latAAAB","level":"info","timestamp":"2026-05-31T17:56:58.019Z","requestId":"system"}
{"message":"User 6a19183abab82352f5f46a43 disconnected from socket dXbwSKm35JI43vgNAAAD","level":"info","timestamp":"2026-05-31T17:57:17.232Z","requestId":"system"}
{"message":"Socket.IO authentication middleware started.","level":"debug","timestamp":"2026-05-31T17:57:17.256Z","requestId":"system"}
{"message":"Socket authenticated successfully. User ID: 6a19183abab82352f5f46a43","level":"info","timestamp":"2026-05-31T17:57:17.259Z","requestId":"system"}
{"message":"A user connected: 6a19183abab82352f5f46a43","level":"info","timestamp":"2026-05-31T17:57:17.260Z","requestId":"system"}
{"message":"Socket BhRANDRj2d3CgW6ZAAAF joined room for user 6a19183abab82352f5f46a43","level":"info","timestamp":"2026-05-31T17:57:17.261Z","requestId":"system"}
{"message":"User 6a19183abab82352f5f46a43 disconnected from socket BhRANDRj2d3CgW6ZAAAF","level":"info","timestamp":"2026-05-31T17:57:17.288Z","requestId":"system"}
{"message":"Socket.IO authentication middleware started.","level":"debug","timestamp":"2026-05-31T17:57:17.296Z","requestId":"system"}
{"message":"Socket authenticated successfully. User ID: 6a19183abab82352f5f46a43","level":"info","timestamp":"2026-05-31T17:57:17.296Z","requestId":"system"}
{"message":"A user connected: 6a19183abab82352f5f46a43","level":"info","timestamp":"2026-05-31T17:57:17.297Z","requestId":"system"}
{"message":"Socket iYKMNLQAXv4VvRJaAAAH joined room for user 6a19183abab82352f5f46a43","level":"info","timestamp":"2026-05-31T17:57:17.297Z","requestId":"system"}
{"message":"Socket.IO authentication middleware started.","level":"debug","timestamp":"2026-05-31T17:57:19.027Z","requestId":"system"}
{"message":"Socket authenticated successfully. User ID: 6a1c6077020a8672571097a8","level":"info","timestamp":"2026-05-31T17:57:19.028Z","requestId":"system"}
{"message":"A user connected: 6a1c6077020a8672571097a8","level":"info","timestamp":"2026-05-31T17:57:19.028Z","requestId":"system"}
{"message":"Socket Zp4lzuXS-H1OEzn6AAAK joined room for user 6a1c6077020a8672571097a8","level":"info","timestamp":"2026-05-31T17:57:19.029Z","requestId":"system"}
{"message":"User 6a1c6077020a8672571097a8 disconnected from socket Zp4lzuXS-H1OEzn6AAAK","level":"info","timestamp":"2026-05-31T17:57:37.222Z","requestId":"system"}
{"message":"Socket.IO authentication middleware started.","level":"debug","timestamp":"2026-05-31T17:57:37.422Z","requestId":"system"}
{"message":"Socket authenticated successfully. User ID: 6a1c6077020a8672571097a8","level":"info","timestamp":"2026-05-31T17:57:37.427Z","requestId":"system"}
{"message":"A user connected: 6a1c6077020a8672571097a8","level":"info","timestamp":"2026-05-31T17:57:37.427Z","requestId":"system"}
{"message":"Socket NpU5zmPGYIIcxX5gAAAN joined room for user 6a1c6077020a8672571097a8","level":"info","timestamp":"2026-05-31T17:57:37.428Z","requestId":"system"}
{"message":"User 6a1c6077020a8672571097a8 disconnected from socket NpU5zmPGYIIcxX5gAAAN","level":"info","timestamp":"2026-05-31T17:57:44.859Z","requestId":"system"}
{"message":"Socket.IO authentication middleware started.","level":"debug","timestamp":"2026-05-31T17:57:45.131Z","requestId":"system"}
{"message":"Socket authenticated successfully. User ID: 6a1c6077020a8672571097a8","level":"info","timestamp":"2026-05-31T17:57:45.132Z","requestId":"system"}
{"message":"A user connected: 6a1c6077020a8672571097a8","level":"info","timestamp":"2026-05-31T17:57:45.132Z","requestId":"system"}
{"message":"Socket 1h6A-B5Db5YMVcdsAAAQ joined room for user 6a1c6077020a8672571097a8","level":"info","timestamp":"2026-05-31T17:57:45.133Z","requestId":"system"}
{"message":"User 6a1c6077020a8672571097a8 disconnected from socket 1h6A-B5Db5YMVcdsAAAQ","level":"info","timestamp":"2026-05-31T17:57:55.196Z","requestId":"system"}
{"message":"Socket.IO authentication middleware started.","level":"debug","timestamp":"2026-05-31T17:57:55.407Z","requestId":"system"}
{"message":"Socket authenticated successfully. User ID: 6a1c6077020a8672571097a8","level":"info","timestamp":"2026-05-31T17:57:55.408Z","requestId":"system"}
{"message":"A user connected: 6a1c6077020a8672571097a8","level":"info","timestamp":"2026-05-31T17:57:55.409Z","requestId":"system"}
{"message":"Socket yE9HMoWKCJ-JdKNVAAAT joined room for user 6a1c6077020a8672571097a8","level":"info","timestamp":"2026-05-31T17:57:55.409Z","requestId":"system"}
{"message":"User 6a1c6077020a8672571097a8 disconnected from socket yE9HMoWKCJ-JdKNVAAAT","level":"info","timestamp":"2026-05-31T17:58:06.506Z","requestId":"system"}
{"message":"Socket.IO authentication middleware started.","level":"debug","timestamp":"2026-05-31T17:58:06.740Z","requestId":"system"}
{"message":"Socket authenticated successfully. User ID: 6a1c6077020a8672571097a8","level":"info","timestamp":"2026-05-31T17:58:06.741Z","requestId":"system"}
{"message":"A user connected: 6a1c6077020a8672571097a8","level":"info","timestamp":"2026-05-31T17:58:06.741Z","requestId":"system"}
{"message":"Socket WdWa7kzyZgw5l6KuAAAW joined room for user 6a1c6077020a8672571097a8","level":"info","timestamp":"2026-05-31T17:58:06.742Z","requestId":"system"}
{"message":"User 6a19183abab82352f5f46a43 disconnected from socket iYKMNLQAXv4VvRJaAAAH","level":"info","timestamp":"2026-05-31T17:58:31.078Z","requestId":"system"}
{"message":"Socket.IO authentication middleware started.","level":"debug","timestamp":"2026-05-31T17:58:31.352Z","requestId":"system"}
{"message":"Socket authenticated successfully. User ID: 6a19183abab82352f5f46a43","level":"info","timestamp":"2026-05-31T17:58:31.353Z","requestId":"system"}
{"message":"A user connected: 6a19183abab82352f5f46a43","level":"info","timestamp":"2026-05-31T17:58:31.354Z","requestId":"system"}
{"message":"Socket QghjOO6JTtUq_PcfAAAZ joined room for user 6a19183abab82352f5f46a43","level":"info","timestamp":"2026-05-31T17:58:31.354Z","requestId":"system"}
{"message":"User 6a1c6077020a8672571097a8 disconnected from socket WdWa7kzyZgw5l6KuAAAW","level":"info","timestamp":"2026-05-31T18:03:14.294Z","requestId":"system"}
{"message":"Socket.IO authentication middleware started.","level":"debug","timestamp":"2026-05-31T18:03:14.568Z","requestId":"system"}
{"message":"Socket authenticated successfully. User ID: 6a1c6077020a8672571097a8","level":"info","timestamp":"2026-05-31T18:03:14.569Z","requestId":"system"}
{"message":"A user connected: 6a1c6077020a8672571097a8","level":"info","timestamp":"2026-05-31T18:03:14.569Z","requestId":"system"}
{"message":"Socket D8fFXBBPYUTWXXM0AAAc joined room for user 6a1c6077020a8672571097a8","level":"info","timestamp":"2026-05-31T18:03:14.570Z","requestId":"system"}
{"message":"User 6a19183abab82352f5f46a43 disconnected from socket QghjOO6JTtUq_PcfAAAZ","level":"info","timestamp":"2026-05-31T18:03:30.315Z","requestId":"system"}
{"message":"Socket.IO authentication middleware started.","level":"debug","timestamp":"2026-05-31T18:03:30.615Z","requestId":"system"}
{"message":"Socket authenticated successfully. User ID: 6a19183abab82352f5f46a43","level":"info","timestamp":"2026-05-31T18:03:30.616Z","requestId":"system"}
{"message":"A user connected: 6a19183abab82352f5f46a43","level":"info","timestamp":"2026-05-31T18:03:30.617Z","requestId":"system"}
{"message":"Socket CxPSiVQjwz7ynu1MAAAf joined room for user 6a19183abab82352f5f46a43","level":"info","timestamp":"2026-05-31T18:03:30.618Z","requestId":"system"}
{"message":"User 6a19183abab82352f5f46a43 disconnected from socket CxPSiVQjwz7ynu1MAAAf","level":"info","timestamp":"2026-05-31T18:04:23.336Z","requestId":"system"}
{"message":"Socket.IO authentication middleware started.","level":"debug","timestamp":"2026-05-31T18:04:23.569Z","requestId":"system"}
{"message":"Socket authenticated successfully. User ID: 6a19183abab82352f5f46a43","level":"info","timestamp":"2026-05-31T18:04:23.569Z","requestId":"system"}
{"message":"A user connected: 6a19183abab82352f5f46a43","level":"info","timestamp":"2026-05-31T18:04:23.570Z","requestId":"system"}
{"message":"Socket uNrlIo452FB6lEgBAAAi joined room for user 6a19183abab82352f5f46a43","level":"info","timestamp":"2026-05-31T18:04:23.570Z","requestId":"system"}
{"message":"User 6a19183abab82352f5f46a43 disconnected from socket uNrlIo452FB6lEgBAAAi","level":"info","timestamp":"2026-05-31T18:04:24.798Z","requestId":"system"}
{"message":"Socket.IO authentication middleware started.","level":"debug","timestamp":"2026-05-31T18:04:24.983Z","requestId":"system"}
{"message":"Socket authenticated successfully. User ID: 6a19183abab82352f5f46a43","level":"info","timestamp":"2026-05-31T18:04:24.983Z","requestId":"system"}
{"message":"A user connected: 6a19183abab82352f5f46a43","level":"info","timestamp":"2026-05-31T18:04:24.984Z","requestId":"system"}
{"message":"Socket xRFRrfrmC8h0L6ibAAAl joined room for user 6a19183abab82352f5f46a43","level":"info","timestamp":"2026-05-31T18:04:24.984Z","requestId":"system"}
{"message":"User 6a19183abab82352f5f46a43 disconnected from socket xRFRrfrmC8h0L6ibAAAl","level":"info","timestamp":"2026-05-31T18:04:30.841Z","requestId":"system"}
{"message":"Socket.IO authentication middleware started.","level":"debug","timestamp":"2026-05-31T18:04:31.034Z","requestId":"system"}
{"message":"Socket authenticated successfully. User ID: 6a19183abab82352f5f46a43","level":"info","timestamp":"2026-05-31T18:04:31.034Z","requestId":"system"}
{"message":"A user connected: 6a19183abab82352f5f46a43","level":"info","timestamp":"2026-05-31T18:04:31.035Z","requestId":"system"}
{"message":"Socket xB2Bkq6wmPvpIIqOAAAo joined room for user 6a19183abab82352f5f46a43","level":"info","timestamp":"2026-05-31T18:04:31.035Z","requestId":"system"}
{"message":"Fetched gigs for user: 6a19183abab82352f5f46a43","level":"info","timestamp":"2026-05-31T18:04:52.932Z","requestId":"58155294-e3ca-460a-a37c-c545212e547f"}
{"message":"User 6a19183abab82352f5f46a43 disconnected from socket xB2Bkq6wmPvpIIqOAAAo","level":"info","timestamp":"2026-05-31T18:04:54.567Z","requestId":"system"}
{"message":"Fetched gigs for user: 6a19183abab82352f5f46a43","level":"info","timestamp":"2026-05-31T18:04:54.759Z","requestId":"32385021-7a1f-4f61-8ff8-07f02e02a338"}
{"message":"Socket.IO authentication middleware started.","level":"debug","timestamp":"2026-05-31T18:04:54.795Z","requestId":"system"}
{"message":"Socket authenticated successfully. User ID: 6a19183abab82352f5f46a43","level":"info","timestamp":"2026-05-31T18:04:54.796Z","requestId":"system"}
{"message":"A user connected: 6a19183abab82352f5f46a43","level":"info","timestamp":"2026-05-31T18:04:54.796Z","requestId":"system"}
{"message":"Socket r-09JtkIm1jgr7rwAAAr joined room for user 6a19183abab82352f5f46a43","level":"info","timestamp":"2026-05-31T18:04:54.796Z","requestId":"system"}
{"message":"User 6a19183abab82352f5f46a43 disconnected from socket r-09JtkIm1jgr7rwAAAr","level":"info","timestamp":"2026-05-31T18:04:55.433Z","requestId":"system"}
{"message":"Fetched gigs for user: 6a19183abab82352f5f46a43","level":"info","timestamp":"2026-05-31T18:04:55.636Z","requestId":"b5661cf7-b445-4a89-a3ff-4e10aa276fc2"}
{"message":"Socket.IO authentication middleware started.","level":"debug","timestamp":"2026-05-31T18:04:55.652Z","requestId":"system"}
{"message":"Socket authenticated successfully. User ID: 6a19183abab82352f5f46a43","level":"info","timestamp":"2026-05-31T18:04:55.653Z","requestId":"system"}
{"message":"A user connected: 6a19183abab82352f5f46a43","level":"info","timestamp":"2026-05-31T18:04:55.654Z","requestId":"system"}
{"message":"Socket eJeDH9OcqHOdT6FkAAAu joined room for user 6a19183abab82352f5f46a43","level":"info","timestamp":"2026-05-31T18:04:55.654Z","requestId":"system"}
{"message":"User 6a19183abab82352f5f46a43 disconnected from socket eJeDH9OcqHOdT6FkAAAu","level":"info","timestamp":"2026-05-31T18:04:56.281Z","requestId":"system"}
{"message":"REDIS_URL not found in environment variables. Redis-dependent features will be disabled.","level":"warn","timestamp":"2026-05-31T18:05:07.836Z","requestId":"system"}
{"message":"OpenAPI document generated successfully.","level":"info","timestamp":"2026-05-31T18:05:08.320Z","requestId":"system"}
{"message":"Environment variables validated successfully.","level":"info","timestamp":"2026-05-31T18:05:08.407Z","requestId":"system"}
{"message":"Google Client ID loaded: 6673985772...","level":"info","timestamp":"2026-05-31T18:05:08.425Z","requestId":"system"}
{"message":"Google OAuth Strategy initialized successfully.","level":"info","timestamp":"2026-05-31T18:05:08.426Z","requestId":"system"}
{"message":"Server started on port 5000","level":"info","timestamp":"2026-05-31T18:05:08.435Z","requestId":"system"}
{"message":"Mongoose connected to MongoDB.","level":"info","timestamp":"2026-05-31T18:05:08.446Z","requestId":"system"}
{"message":"MongoDB Connected: localhost","level":"info","timestamp":"2026-05-31T18:05:08.449Z","requestId":"system"}
{"message":"Socket.IO authentication middleware started.","level":"debug","timestamp":"2026-05-31T18:05:08.542Z","requestId":"system"}
{"message":"Socket authenticated successfully. User ID: 6a1c6077020a8672571097a8","level":"info","timestamp":"2026-05-31T18:05:08.543Z","requestId":"system"}
{"message":"A user connected: 6a1c6077020a8672571097a8","level":"info","timestamp":"2026-05-31T18:05:08.544Z","requestId":"system"}
{"message":"Socket rSkUoRuKD6uLX_TJAAAC joined room for user 6a1c6077020a8672571097a8","level":"info","timestamp":"2026-05-31T18:05:08.545Z","requestId":"system"}
{"message":"User 6a1c6077020a8672571097a8 disconnected from socket rSkUoRuKD6uLX_TJAAAC","level":"info","timestamp":"2026-05-31T18:20:03.839Z","requestId":"system"}
{"message":"REDIS_URL not found in environment variables. Redis-dependent features will be disabled.","level":"warn","timestamp":"2026-05-31T18:22:59.192Z","requestId":"system"}
{"message":"OpenAPI document generated successfully.","level":"info","timestamp":"2026-05-31T18:22:59.861Z","requestId":"system"}
{"message":"Environment variables validated successfully.","level":"info","timestamp":"2026-05-31T18:22:59.955Z","requestId":"system"}
{"message":"Google Client ID loaded: 6673985772...","level":"info","timestamp":"2026-05-31T18:22:59.981Z","requestId":"system"}
{"message":"Google OAuth Strategy initialized successfully.","level":"info","timestamp":"2026-05-31T18:22:59.982Z","requestId":"system"}
{"message":"Server started on port 5000","level":"info","timestamp":"2026-05-31T18:22:59.995Z","requestId":"system"}
{"message":"Mongoose connected to MongoDB.","level":"info","timestamp":"2026-05-31T18:23:00.020Z","requestId":"system"}
{"message":"MongoDB Connected: localhost","level":"info","timestamp":"2026-05-31T18:23:00.026Z","requestId":"system"}
