{"level":"info","message":"Environment variables validated successfully.","timestamp":"2026-05-28T19:50:01.705Z"}
{"level":"info","message":"Google OAuth Strategy initialized successfully.","timestamp":"2026-05-28T19:50:01.723Z"}
{"level":"info","message":"Server started on port 5000","timestamp":"2026-05-28T19:50:01.737Z"}
{"level":"info","message":"Mongoose connected to MongoDB.","timestamp":"2026-05-28T19:50:01.761Z"}
{"level":"info","message":"MongoDB Connected: localhost","timestamp":"2026-05-28T19:50:01.764Z"}
{"level":"debug","message":"Socket.IO authentication middleware started.","timestamp":"2026-05-28T19:51:38.358Z"}
{"level":"info","message":"Socket authenticated successfully. User ID: 6a1711c057162468c96d71c2","timestamp":"2026-05-28T19:51:38.359Z"}
{"level":"info","message":"A user connected: 6a1711c057162468c96d71c2","timestamp":"2026-05-28T19:51:38.360Z"}
{"level":"info","message":"Socket B-bZFcbP9hMCeYPdAAAC joined room for user 6a1711c057162468c96d71c2","timestamp":"2026-05-28T19:51:38.361Z"}
{"level":"info","message":"User 6a1711c057162468c96d71c2 disconnected from socket B-bZFcbP9hMCeYPdAAAC","timestamp":"2026-05-28T19:51:42.406Z"}
{"level":"debug","message":"Socket.IO authentication middleware started.","timestamp":"2026-05-28T19:52:45.761Z"}
{"level":"info","message":"Socket authenticated successfully. User ID: 6a189d0da72a7f5311bfbc94","timestamp":"2026-05-28T19:52:45.761Z"}
{"level":"info","message":"A user connected: 6a189d0da72a7f5311bfbc94","timestamp":"2026-05-28T19:52:45.762Z"}
{"level":"info","message":"Socket vsiGHSSQCk2oL02KAAAE joined room for user 6a189d0da72a7f5311bfbc94","timestamp":"2026-05-28T19:52:45.762Z"}
{"level":"info","message":"Fetched gigs for user: 6a189d0da72a7f5311bfbc94","timestamp":"2026-05-28T19:53:05.831Z"}
{"level":"info","message":"Fetched applications for user: 6a189d0da72a7f5311bfbc94","timestamp":"2026-05-28T19:53:05.833Z"}
{"level":"info","message":"Fetched gigs for user: 6a189d0da72a7f5311bfbc94","timestamp":"2026-05-28T19:53:05.842Z"}
{"level":"info","message":"Fetched applications for user: 6a189d0da72a7f5311bfbc94","timestamp":"2026-05-28T19:53:05.844Z"}
{"level":"info","message":"User 6a189d0da72a7f5311bfbc94 disconnected from socket vsiGHSSQCk2oL02KAAAE","timestamp":"2026-05-28T19:53:47.176Z"}
{"level":"debug","message":"Socket.IO authentication middleware started.","timestamp":"2026-05-28T19:53:47.315Z"}
{"level":"info","message":"Socket authenticated successfully. User ID: 6a189d0da72a7f5311bfbc94","timestamp":"2026-05-28T19:53:47.316Z"}
{"level":"info","message":"A user connected: 6a189d0da72a7f5311bfbc94","timestamp":"2026-05-28T19:53:47.317Z"}
{"level":"info","message":"Socket Hpf7zsADTfo-Wrx_AAAH joined room for user 6a189d0da72a7f5311bfbc94","timestamp":"2026-05-28T19:53:47.317Z"}
{"level":"debug","message":"Socket.IO authentication middleware started.","timestamp":"2026-05-28T19:54:02.518Z"}
{"level":"info","message":"Socket authenticated successfully. User ID: 6a189d0da72a7f5311bfbc94","timestamp":"2026-05-28T19:54:02.519Z"}
{"level":"info","message":"A user connected: 6a189d0da72a7f5311bfbc94","timestamp":"2026-05-28T19:54:02.520Z"}
{"level":"info","message":"Socket UOTByIUGT5CNBMjyAAAK joined room for user 6a189d0da72a7f5311bfbc94","timestamp":"2026-05-28T19:54:02.520Z"}
{"level":"info","message":"User 6a189d0da72a7f5311bfbc94 disconnected from socket UOTByIUGT5CNBMjyAAAK","timestamp":"2026-05-28T19:54:08.080Z"}
{"level":"info","message":"User 6a189d0da72a7f5311bfbc94 disconnected from socket Hpf7zsADTfo-Wrx_AAAH","timestamp":"2026-05-28T19:54:11.135Z"}
{"level":"info","message":"Environment variables validated successfully.","timestamp":"2026-05-28T19:56:54.392Z"}
{"level":"info","message":"Google OAuth Strategy initialized successfully.","timestamp":"2026-05-28T19:56:54.408Z"}
{"level":"info","message":"Server started on port 5000","timestamp":"2026-05-28T19:56:54.419Z"}
{"level":"info","message":"Mongoose connected to MongoDB.","timestamp":"2026-05-28T19:56:54.427Z"}
{"level":"info","message":"MongoDB Connected: localhost","timestamp":"2026-05-28T19:56:54.430Z"}
{"level":"info","message":"Environment variables validated successfully.","timestamp":"2026-05-28T20:24:00.453Z"}
{"level":"info","message":"Google Client ID loaded: 6673985772...","timestamp":"2026-05-28T20:24:00.476Z"}
{"level":"info","message":"Google OAuth Strategy initialized successfully.","timestamp":"2026-05-28T20:24:00.478Z"}
{"level":"info","message":"Server started on port 5000","timestamp":"2026-05-28T20:24:00.492Z"}
{"level":"info","message":"Mongoose connected to MongoDB.","timestamp":"2026-05-28T20:24:00.503Z"}
{"level":"info","message":"MongoDB Connected: localhost","timestamp":"2026-05-28T20:24:00.507Z"}
{"level":"info","message":"Environment variables validated successfully.","timestamp":"2026-05-29T04:35:23.308Z"}
{"level":"info","message":"Google Client ID loaded: 6673985772...","timestamp":"2026-05-29T04:35:23.325Z"}
{"level":"info","message":"Google OAuth Strategy initialized successfully.","timestamp":"2026-05-29T04:35:23.326Z"}
{"level":"info","message":"Server started on port 5000","timestamp":"2026-05-29T04:35:23.338Z"}
{"level":"info","message":"Mongoose connected to MongoDB.","timestamp":"2026-05-29T04:35:23.355Z"}
{"level":"info","message":"MongoDB Connected: localhost","timestamp":"2026-05-29T04:35:23.358Z"}
{"level":"debug","message":"Socket.IO authentication middleware started.","timestamp":"2026-05-29T04:37:55.167Z"}
{"level":"info","message":"Socket authenticated successfully. User ID: 6a191822bab82352f5f46a36","timestamp":"2026-05-29T04:37:55.169Z"}
{"level":"info","message":"A user connected: 6a191822bab82352f5f46a36","timestamp":"2026-05-29T04:37:55.170Z"}
{"level":"info","message":"Socket CAgo095xS0T9TsXcAAAB joined room for user 6a191822bab82352f5f46a36","timestamp":"2026-05-29T04:37:55.170Z"}
{"level":"debug","message":"Socket.IO authentication middleware started.","timestamp":"2026-05-29T04:38:18.433Z"}
{"level":"info","message":"Socket authenticated successfully. User ID: 6a19183abab82352f5f46a43","timestamp":"2026-05-29T04:38:18.434Z"}
{"level":"info","message":"A user connected: 6a19183abab82352f5f46a43","timestamp":"2026-05-29T04:38:18.435Z"}
{"level":"info","message":"Socket Loq_T3NMXElmIy0lAAAD joined room for user 6a19183abab82352f5f46a43","timestamp":"2026-05-29T04:38:18.435Z"}
{"level":"info","message":"Fetched gigs for user: 6a19183abab82352f5f46a43","timestamp":"2026-05-29T04:39:50.193Z"}
{"level":"info","message":"Fetched applications for user: 6a19183abab82352f5f46a43","timestamp":"2026-05-29T04:39:50.195Z"}
{"level":"info","message":"Fetched gigs for user: 6a19183abab82352f5f46a43","timestamp":"2026-05-29T04:39:50.201Z"}
{"level":"info","message":"Fetched applications for user: 6a19183abab82352f5f46a43","timestamp":"2026-05-29T04:39:50.202Z"}
{"level":"info","message":"Environment variables validated successfully.","timestamp":"2026-05-29T05:04:40.562Z"}
{"level":"info","message":"Google Client ID loaded: 6673985772...","timestamp":"2026-05-29T05:04:40.581Z"}
{"level":"info","message":"Google OAuth Strategy initialized successfully.","timestamp":"2026-05-29T05:04:40.582Z"}
{"level":"info","message":"Server started on port 5000","timestamp":"2026-05-29T05:04:40.594Z"}
{"level":"info","message":"Mongoose connected to MongoDB.","timestamp":"2026-05-29T05:04:40.603Z"}
{"level":"info","message":"MongoDB Connected: localhost","timestamp":"2026-05-29T05:04:40.606Z"}
{"level":"debug","message":"Socket.IO authentication middleware started.","timestamp":"2026-05-29T05:04:40.746Z"}
{"level":"info","message":"Socket authenticated successfully. User ID: 6a19183abab82352f5f46a43","timestamp":"2026-05-29T05:04:40.749Z"}
{"level":"info","message":"A user connected: 6a19183abab82352f5f46a43","timestamp":"2026-05-29T05:04:40.750Z"}
{"level":"info","message":"Socket chdQSsW0OT5sSMbDAAAC joined room for user 6a19183abab82352f5f46a43","timestamp":"2026-05-29T05:04:40.751Z"}
{"level":"debug","message":"Socket.IO authentication middleware started.","timestamp":"2026-05-29T05:04:40.755Z"}
{"level":"info","message":"Socket authenticated successfully. User ID: 6a19183abab82352f5f46a43","timestamp":"2026-05-29T05:04:40.756Z"}
{"level":"info","message":"A user connected: 6a19183abab82352f5f46a43","timestamp":"2026-05-29T05:04:40.756Z"}
{"level":"info","message":"Socket _hfBnFBqC9WdnbbVAAAD joined room for user 6a19183abab82352f5f46a43","timestamp":"2026-05-29T05:04:40.757Z"}
{"level":"info","message":"User 6a19183abab82352f5f46a43 disconnected from socket chdQSsW0OT5sSMbDAAAC","timestamp":"2026-05-29T05:05:06.231Z"}
{"level":"info","message":"User 6a19183abab82352f5f46a43 disconnected from socket _hfBnFBqC9WdnbbVAAAD","timestamp":"2026-05-29T05:05:06.232Z"}
{"level":"debug","message":"Socket.IO authentication middleware started.","timestamp":"2026-05-29T05:05:06.250Z"}
{"level":"info","message":"Socket authenticated successfully. User ID: 6a19183abab82352f5f46a43","timestamp":"2026-05-29T05:05:06.252Z"}
{"level":"info","message":"A user connected: 6a19183abab82352f5f46a43","timestamp":"2026-05-29T05:05:06.253Z"}
{"level":"info","message":"Socket m-GSNu3a8bVwMrqnAAAG joined room for user 6a19183abab82352f5f46a43","timestamp":"2026-05-29T05:05:06.253Z"}
{"level":"debug","message":"Socket.IO authentication middleware started.","timestamp":"2026-05-29T05:05:06.262Z"}
{"level":"info","message":"Socket authenticated successfully. User ID: 6a19183abab82352f5f46a43","timestamp":"2026-05-29T05:05:06.263Z"}
{"level":"info","message":"A user connected: 6a19183abab82352f5f46a43","timestamp":"2026-05-29T05:05:06.263Z"}
{"level":"info","message":"Socket ebFJLSjX1-b_EHd7AAAH joined room for user 6a19183abab82352f5f46a43","timestamp":"2026-05-29T05:05:06.264Z"}
{"level":"debug","message":"Socket.IO authentication middleware started.","timestamp":"2026-05-29T05:05:06.317Z"}
{"level":"info","message":"Socket authenticated successfully. User ID: 6a19183abab82352f5f46a43","timestamp":"2026-05-29T05:05:06.318Z"}
{"level":"info","message":"A user connected: 6a19183abab82352f5f46a43","timestamp":"2026-05-29T05:05:06.319Z"}
{"level":"info","message":"Socket Ao75MZGv90_yK-ocAAAK joined room for user 6a19183abab82352f5f46a43","timestamp":"2026-05-29T05:05:06.319Z"}
{"level":"debug","message":"Socket.IO authentication middleware started.","timestamp":"2026-05-29T05:05:06.320Z"}
{"level":"info","message":"Socket authenticated successfully. User ID: 6a19183abab82352f5f46a43","timestamp":"2026-05-29T05:05:06.321Z"}
{"level":"info","message":"A user connected: 6a19183abab82352f5f46a43","timestamp":"2026-05-29T05:05:06.321Z"}
{"level":"info","message":"Socket IeEkOM5SxagGaFshAAAL joined room for user 6a19183abab82352f5f46a43","timestamp":"2026-05-29T05:05:06.322Z"}
{"level":"info","message":"User 6a19183abab82352f5f46a43 disconnected from socket m-GSNu3a8bVwMrqnAAAG","timestamp":"2026-05-29T05:05:06.381Z"}
{"level":"info","message":"User 6a19183abab82352f5f46a43 disconnected from socket ebFJLSjX1-b_EHd7AAAH","timestamp":"2026-05-29T05:05:06.396Z"}
{"level":"info","message":"User 6a19183abab82352f5f46a43 disconnected from socket Ao75MZGv90_yK-ocAAAK","timestamp":"2026-05-29T05:11:57.416Z"}
{"level":"info","message":"User 6a19183abab82352f5f46a43 disconnected from socket IeEkOM5SxagGaFshAAAL","timestamp":"2026-05-29T05:12:00.025Z"}
{"level":"debug","message":"Socket.IO authentication middleware started.","timestamp":"2026-05-29T05:12:00.213Z"}
{"level":"warn","message":"Socket connection rejected: No JWT token found in cookies.","timestamp":"2026-05-29T05:12:00.213Z"}
{"level":"info","message":"Environment variables validated successfully.","timestamp":"2026-05-29T05:25:53.728Z"}
{"level":"info","message":"Google Client ID loaded: 6673985772...","timestamp":"2026-05-29T05:25:53.746Z"}
{"level":"info","message":"Google OAuth Strategy initialized successfully.","timestamp":"2026-05-29T05:25:53.748Z"}
{"level":"info","message":"Server started on port 5000","timestamp":"2026-05-29T05:25:53.758Z"}
{"level":"info","message":"Mongoose connected to MongoDB.","timestamp":"2026-05-29T05:25:53.773Z"}
{"level":"info","message":"MongoDB Connected: localhost","timestamp":"2026-05-29T05:25:53.777Z"}
{"level":"info","message":"Environment variables validated successfully.","timestamp":"2026-05-29T05:26:02.634Z"}
{"level":"info","message":"Google Client ID loaded: 6673985772...","timestamp":"2026-05-29T05:26:02.652Z"}
{"level":"info","message":"Google OAuth Strategy initialized successfully.","timestamp":"2026-05-29T05:26:02.653Z"}
{"level":"info","message":"Server started on port 5000","timestamp":"2026-05-29T05:26:02.668Z"}
{"level":"info","message":"Mongoose connected to MongoDB.","timestamp":"2026-05-29T05:26:02.676Z"}
{"level":"info","message":"MongoDB Connected: localhost","timestamp":"2026-05-29T05:26:02.679Z"}
{"level":"info","message":"Environment variables validated successfully.","timestamp":"2026-05-29T05:31:59.735Z"}
{"level":"info","message":"Google Client ID loaded: 6673985772...","timestamp":"2026-05-29T05:31:59.751Z"}
{"level":"info","message":"Google OAuth Strategy initialized successfully.","timestamp":"2026-05-29T05:31:59.753Z"}
{"level":"info","message":"Server started on port 5000","timestamp":"2026-05-29T05:31:59.764Z"}
{"level":"info","message":"Mongoose connected to MongoDB.","timestamp":"2026-05-29T05:31:59.773Z"}
{"level":"info","message":"MongoDB Connected: localhost","timestamp":"2026-05-29T05:31:59.776Z"}
{"level":"info","message":"Environment variables validated successfully.","timestamp":"2026-05-29T05:32:20.332Z"}
{"level":"info","message":"Google Client ID loaded: 6673985772...","timestamp":"2026-05-29T05:32:20.350Z"}
{"level":"info","message":"Google OAuth Strategy initialized successfully.","timestamp":"2026-05-29T05:32:20.352Z"}
{"level":"info","message":"Server started on port 5000","timestamp":"2026-05-29T05:32:20.364Z"}
{"level":"info","message":"Mongoose connected to MongoDB.","timestamp":"2026-05-29T05:32:20.375Z"}
{"level":"info","message":"MongoDB Connected: localhost","timestamp":"2026-05-29T05:32:20.379Z"}
{"level":"info","message":"Environment variables validated successfully.","timestamp":"2026-05-29T05:32:36.926Z"}
{"level":"info","message":"Google Client ID loaded: 6673985772...","timestamp":"2026-05-29T05:32:36.943Z"}
{"level":"info","message":"Google OAuth Strategy initialized successfully.","timestamp":"2026-05-29T05:32:36.944Z"}
{"level":"info","message":"Server started on port 5000","timestamp":"2026-05-29T05:32:36.952Z"}
{"level":"info","message":"Mongoose connected to MongoDB.","timestamp":"2026-05-29T05:32:36.964Z"}
{"level":"info","message":"MongoDB Connected: localhost","timestamp":"2026-05-29T05:32:36.967Z"}
{"level":"info","message":"Environment variables validated successfully.","timestamp":"2026-05-29T05:33:35.344Z"}
{"level":"info","message":"Google Client ID loaded: 6673985772...","timestamp":"2026-05-29T05:33:35.365Z"}
{"level":"info","message":"Google OAuth Strategy initialized successfully.","timestamp":"2026-05-29T05:33:35.367Z"}
{"level":"info","message":"Server started on port 5000","timestamp":"2026-05-29T05:33:35.381Z"}
{"level":"info","message":"Mongoose connected to MongoDB.","timestamp":"2026-05-29T05:33:35.391Z"}
{"level":"info","message":"MongoDB Connected: localhost","timestamp":"2026-05-29T05:33:35.394Z"}
{"level":"info","message":"Environment variables validated successfully.","timestamp":"2026-05-29T05:34:37.601Z"}
{"level":"info","message":"Google Client ID loaded: 6673985772...","timestamp":"2026-05-29T05:34:37.618Z"}
{"level":"info","message":"Google OAuth Strategy initialized successfully.","timestamp":"2026-05-29T05:34:37.620Z"}
{"level":"info","message":"Server started on port 5000","timestamp":"2026-05-29T05:34:37.629Z"}
{"level":"info","message":"Mongoose connected to MongoDB.","timestamp":"2026-05-29T05:34:37.636Z"}
{"level":"info","message":"MongoDB Connected: localhost","timestamp":"2026-05-29T05:34:37.640Z"}
{"level":"info","message":"Environment variables validated successfully.","timestamp":"2026-05-29T05:34:47.665Z"}
{"level":"info","message":"Google Client ID loaded: 6673985772...","timestamp":"2026-05-29T05:34:47.693Z"}
{"level":"info","message":"Google OAuth Strategy initialized successfully.","timestamp":"2026-05-29T05:34:47.694Z"}
{"level":"info","message":"Server started on port 5000","timestamp":"2026-05-29T05:34:47.707Z"}
{"level":"info","message":"Mongoose connected to MongoDB.","timestamp":"2026-05-29T05:34:47.715Z"}
{"level":"info","message":"MongoDB Connected: localhost","timestamp":"2026-05-29T05:34:47.717Z"}
{"level":"info","message":"Environment variables validated successfully.","timestamp":"2026-05-29T05:34:57.550Z"}
{"level":"info","message":"Google Client ID loaded: 6673985772...","timestamp":"2026-05-29T05:34:57.570Z"}
{"level":"info","message":"Google OAuth Strategy initialized successfully.","timestamp":"2026-05-29T05:34:57.571Z"}
{"level":"info","message":"Server started on port 5000","timestamp":"2026-05-29T05:34:57.580Z"}
{"level":"info","message":"Mongoose connected to MongoDB.","timestamp":"2026-05-29T05:34:57.591Z"}
{"level":"info","message":"MongoDB Connected: localhost","timestamp":"2026-05-29T05:34:57.595Z"}
{"level":"info","message":"Environment variables validated successfully.","timestamp":"2026-05-29T05:36:04.656Z"}
{"level":"info","message":"Google Client ID loaded: 6673985772...","timestamp":"2026-05-29T05:36:04.689Z"}
{"level":"info","message":"Google OAuth Strategy initialized successfully.","timestamp":"2026-05-29T05:36:04.691Z"}
{"level":"info","message":"Server started on port 5000","timestamp":"2026-05-29T05:36:04.701Z"}
{"level":"info","message":"Mongoose connected to MongoDB.","timestamp":"2026-05-29T05:36:04.709Z"}
{"level":"info","message":"MongoDB Connected: localhost","timestamp":"2026-05-29T05:36:04.714Z"}
{"level":"info","message":"Environment variables validated successfully.","timestamp":"2026-05-29T05:36:14.030Z"}
{"level":"info","message":"Google Client ID loaded: 6673985772...","timestamp":"2026-05-29T05:36:14.047Z"}
{"level":"info","message":"Google OAuth Strategy initialized successfully.","timestamp":"2026-05-29T05:36:14.048Z"}
{"level":"info","message":"Server started on port 5000","timestamp":"2026-05-29T05:36:14.056Z"}
{"level":"info","message":"Mongoose connected to MongoDB.","timestamp":"2026-05-29T05:36:14.063Z"}
{"level":"info","message":"MongoDB Connected: localhost","timestamp":"2026-05-29T05:36:14.066Z"}
{"level":"info","message":"Environment variables validated successfully.","timestamp":"2026-05-29T05:36:29.642Z"}
{"level":"info","message":"Google Client ID loaded: 6673985772...","timestamp":"2026-05-29T05:36:29.660Z"}
{"level":"info","message":"Google OAuth Strategy initialized successfully.","timestamp":"2026-05-29T05:36:29.661Z"}
{"level":"info","message":"Server started on port 5000","timestamp":"2026-05-29T05:36:29.670Z"}
{"level":"info","message":"Mongoose connected to MongoDB.","timestamp":"2026-05-29T05:36:29.679Z"}
{"level":"info","message":"MongoDB Connected: localhost","timestamp":"2026-05-29T05:36:29.683Z"}
{"level":"info","message":"Environment variables validated successfully.","timestamp":"2026-05-29T05:36:39.177Z"}
{"level":"info","message":"Google Client ID loaded: 6673985772...","timestamp":"2026-05-29T05:36:39.195Z"}
{"level":"info","message":"Google OAuth Strategy initialized successfully.","timestamp":"2026-05-29T05:36:39.197Z"}
{"level":"info","message":"Server started on port 5000","timestamp":"2026-05-29T05:36:39.207Z"}
{"level":"info","message":"Mongoose connected to MongoDB.","timestamp":"2026-05-29T05:36:39.218Z"}
{"level":"info","message":"MongoDB Connected: localhost","timestamp":"2026-05-29T05:36:39.221Z"}
{"level":"warn","message":"REDIS_URL not found in environment variables. Redis-dependent features will be disabled.","timestamp":"2026-05-29T05:37:12.622Z"}
{"level":"info","message":"Environment variables validated successfully.","timestamp":"2026-05-29T05:37:13.120Z"}
{"level":"info","message":"Google Client ID loaded: 6673985772...","timestamp":"2026-05-29T05:37:13.131Z"}
{"level":"info","message":"Google OAuth Strategy initialized successfully.","timestamp":"2026-05-29T05:37:13.132Z"}
{"level":"info","message":"Server started on port 5000","timestamp":"2026-05-29T05:37:13.141Z"}
{"level":"info","message":"Mongoose connected to MongoDB.","timestamp":"2026-05-29T05:37:13.148Z"}
{"level":"info","message":"MongoDB Connected: localhost","timestamp":"2026-05-29T05:37:13.152Z"}
{"level":"warn","message":"REDIS_URL not found in environment variables. Redis-dependent features will be disabled.","timestamp":"2026-05-29T05:38:01.791Z"}
{"level":"info","message":"Environment variables validated successfully.","timestamp":"2026-05-29T05:38:02.276Z"}
{"level":"info","message":"Google Client ID loaded: 6673985772...","timestamp":"2026-05-29T05:38:02.288Z"}
{"level":"info","message":"Google OAuth Strategy initialized successfully.","timestamp":"2026-05-29T05:38:02.289Z"}
{"level":"info","message":"Server started on port 5000","timestamp":"2026-05-29T05:38:02.296Z"}
{"level":"info","message":"Mongoose connected to MongoDB.","timestamp":"2026-05-29T05:38:02.304Z"}
{"level":"info","message":"MongoDB Connected: localhost","timestamp":"2026-05-29T05:38:02.307Z"}
{"level":"warn","message":"REDIS_URL not found in environment variables. Redis-dependent features will be disabled.","timestamp":"2026-05-29T05:38:12.531Z"}
{"level":"info","message":"Environment variables validated successfully.","timestamp":"2026-05-29T05:38:13.021Z"}
{"level":"info","message":"Google Client ID loaded: 6673985772...","timestamp":"2026-05-29T05:38:13.033Z"}
{"level":"info","message":"Google OAuth Strategy initialized successfully.","timestamp":"2026-05-29T05:38:13.034Z"}
{"level":"info","message":"Server started on port 5000","timestamp":"2026-05-29T05:38:13.040Z"}
{"level":"info","message":"Mongoose connected to MongoDB.","timestamp":"2026-05-29T05:38:13.046Z"}
{"level":"info","message":"MongoDB Connected: localhost","timestamp":"2026-05-29T05:38:13.049Z"}
{"level":"warn","message":"REDIS_URL not found in environment variables. Redis-dependent features will be disabled.","timestamp":"2026-05-29T05:38:28.561Z"}
{"level":"info","message":"Environment variables validated successfully.","timestamp":"2026-05-29T05:38:29.059Z"}
{"level":"info","message":"Google Client ID loaded: 6673985772...","timestamp":"2026-05-29T05:38:29.073Z"}
{"level":"info","message":"Google OAuth Strategy initialized successfully.","timestamp":"2026-05-29T05:38:29.074Z"}
{"level":"info","message":"Server started on port 5000","timestamp":"2026-05-29T05:38:29.083Z"}
{"level":"info","message":"Mongoose connected to MongoDB.","timestamp":"2026-05-29T05:38:29.090Z"}
{"level":"info","message":"MongoDB Connected: localhost","timestamp":"2026-05-29T05:38:29.097Z"}
{"level":"warn","message":"REDIS_URL not found in environment variables. Redis-dependent features will be disabled.","timestamp":"2026-05-29T05:39:22.225Z"}
{"level":"info","message":"Environment variables validated successfully.","timestamp":"2026-05-29T05:39:22.709Z"}
{"level":"info","message":"Google Client ID loaded: 6673985772...","timestamp":"2026-05-29T05:39:22.723Z"}
{"level":"info","message":"Google OAuth Strategy initialized successfully.","timestamp":"2026-05-29T05:39:22.725Z"}
{"level":"info","message":"Server started on port 5000","timestamp":"2026-05-29T05:39:22.733Z"}
{"level":"info","message":"Mongoose connected to MongoDB.","timestamp":"2026-05-29T05:39:22.741Z"}
{"level":"info","message":"MongoDB Connected: localhost","timestamp":"2026-05-29T05:39:22.744Z"}
{"level":"warn","message":"REDIS_URL not found in environment variables. Redis-dependent features will be disabled.","timestamp":"2026-05-29T05:39:27.696Z"}
{"level":"info","message":"Environment variables validated successfully.","timestamp":"2026-05-29T05:39:28.177Z"}
{"level":"info","message":"Google Client ID loaded: 6673985772...","timestamp":"2026-05-29T05:39:28.192Z"}
{"level":"info","message":"Google OAuth Strategy initialized successfully.","timestamp":"2026-05-29T05:39:28.193Z"}
{"level":"info","message":"Server started on port 5000","timestamp":"2026-05-29T05:39:28.201Z"}
{"level":"info","message":"Mongoose connected to MongoDB.","timestamp":"2026-05-29T05:39:28.209Z"}
{"level":"info","message":"MongoDB Connected: localhost","timestamp":"2026-05-29T05:39:28.212Z"}
{"level":"warn","message":"REDIS_URL not found in environment variables. Redis-dependent features will be disabled.","timestamp":"2026-05-29T05:39:36.437Z"}
{"level":"info","message":"Environment variables validated successfully.","timestamp":"2026-05-29T05:39:36.934Z"}
{"level":"info","message":"Google Client ID loaded: 6673985772...","timestamp":"2026-05-29T05:39:36.948Z"}
{"level":"info","message":"Google OAuth Strategy initialized successfully.","timestamp":"2026-05-29T05:39:36.949Z"}
{"level":"info","message":"Server started on port 5000","timestamp":"2026-05-29T05:39:36.958Z"}
{"level":"info","message":"Mongoose connected to MongoDB.","timestamp":"2026-05-29T05:39:36.967Z"}
{"level":"info","message":"MongoDB Connected: localhost","timestamp":"2026-05-29T05:39:36.970Z"}
{"level":"warn","message":"REDIS_URL not found in environment variables. Redis-dependent features will be disabled.","timestamp":"2026-05-29T05:39:45.128Z"}
{"level":"info","message":"Environment variables validated successfully.","timestamp":"2026-05-29T05:39:45.615Z"}
{"level":"info","message":"Google Client ID loaded: 6673985772...","timestamp":"2026-05-29T05:39:45.628Z"}
{"level":"info","message":"Google OAuth Strategy initialized successfully.","timestamp":"2026-05-29T05:39:45.629Z"}
{"level":"info","message":"Server started on port 5000","timestamp":"2026-05-29T05:39:45.636Z"}
{"level":"info","message":"Mongoose connected to MongoDB.","timestamp":"2026-05-29T05:39:45.642Z"}
{"level":"info","message":"MongoDB Connected: localhost","timestamp":"2026-05-29T05:39:45.645Z"}
{"level":"warn","message":"REDIS_URL not found in environment variables. Redis-dependent features will be disabled.","timestamp":"2026-05-29T05:39:58.399Z"}
{"level":"info","message":"Environment variables validated successfully.","timestamp":"2026-05-29T05:39:58.884Z"}
{"level":"info","message":"Google Client ID loaded: 6673985772...","timestamp":"2026-05-29T05:39:58.898Z"}
{"level":"info","message":"Google OAuth Strategy initialized successfully.","timestamp":"2026-05-29T05:39:58.899Z"}
{"level":"info","message":"Server started on port 5000","timestamp":"2026-05-29T05:39:58.907Z"}
{"level":"info","message":"Mongoose connected to MongoDB.","timestamp":"2026-05-29T05:39:58.916Z"}
{"level":"info","message":"MongoDB Connected: localhost","timestamp":"2026-05-29T05:39:58.918Z"}
{"level":"warn","message":"REDIS_URL not found in environment variables. Redis-dependent features will be disabled.","timestamp":"2026-05-29T05:40:14.802Z"}
{"level":"info","message":"Environment variables validated successfully.","timestamp":"2026-05-29T05:40:15.278Z"}
{"level":"info","message":"Google Client ID loaded: 6673985772...","timestamp":"2026-05-29T05:40:15.293Z"}
{"level":"info","message":"Google OAuth Strategy initialized successfully.","timestamp":"2026-05-29T05:40:15.295Z"}
{"level":"info","message":"Server started on port 5000","timestamp":"2026-05-29T05:40:15.304Z"}
{"level":"info","message":"Mongoose connected to MongoDB.","timestamp":"2026-05-29T05:40:15.310Z"}
{"level":"info","message":"MongoDB Connected: localhost","timestamp":"2026-05-29T05:40:15.313Z"}
{"level":"warn","message":"REDIS_URL not found in environment variables. Redis-dependent features will be disabled.","timestamp":"2026-05-29T05:40:39.608Z"}
{"level":"info","message":"Environment variables validated successfully.","timestamp":"2026-05-29T05:40:40.093Z"}
{"level":"info","message":"Google Client ID loaded: 6673985772...","timestamp":"2026-05-29T05:40:40.106Z"}
{"level":"info","message":"Google OAuth Strategy initialized successfully.","timestamp":"2026-05-29T05:40:40.107Z"}
{"level":"info","message":"Server started on port 5000","timestamp":"2026-05-29T05:40:40.115Z"}
{"level":"info","message":"Mongoose connected to MongoDB.","timestamp":"2026-05-29T05:40:40.123Z"}
{"level":"info","message":"MongoDB Connected: localhost","timestamp":"2026-05-29T05:40:40.125Z"}
{"level":"warn","message":"REDIS_URL not found in environment variables. Redis-dependent features will be disabled.","timestamp":"2026-05-29T05:40:48.288Z"}
{"level":"info","message":"Environment variables validated successfully.","timestamp":"2026-05-29T05:40:48.789Z"}
{"level":"info","message":"Google Client ID loaded: 6673985772...","timestamp":"2026-05-29T05:40:48.801Z"}
{"level":"info","message":"Google OAuth Strategy initialized successfully.","timestamp":"2026-05-29T05:40:48.802Z"}
{"level":"info","message":"Server started on port 5000","timestamp":"2026-05-29T05:40:48.809Z"}
{"level":"info","message":"Mongoose connected to MongoDB.","timestamp":"2026-05-29T05:40:48.814Z"}
{"level":"info","message":"MongoDB Connected: localhost","timestamp":"2026-05-29T05:40:48.817Z"}
{"level":"warn","message":"REDIS_URL not found in environment variables. Redis-dependent features will be disabled.","timestamp":"2026-05-29T05:40:58.949Z"}
{"level":"info","message":"Environment variables validated successfully.","timestamp":"2026-05-29T05:40:59.431Z"}
{"level":"info","message":"Google Client ID loaded: 6673985772...","timestamp":"2026-05-29T05:40:59.444Z"}
{"level":"info","message":"Google OAuth Strategy initialized successfully.","timestamp":"2026-05-29T05:40:59.444Z"}
{"level":"info","message":"Server started on port 5000","timestamp":"2026-05-29T05:40:59.451Z"}
{"level":"info","message":"Mongoose connected to MongoDB.","timestamp":"2026-05-29T05:40:59.460Z"}
{"level":"info","message":"MongoDB Connected: localhost","timestamp":"2026-05-29T05:40:59.462Z"}
{"level":"debug","message":"Socket.IO authentication middleware started.","timestamp":"2026-05-29T05:42:20.621Z"}
{"level":"warn","message":"Socket connection rejected: No JWT token found in cookies.","timestamp":"2026-05-29T05:42:20.621Z"}
{"level":"debug","message":"Socket.IO authentication middleware started.","timestamp":"2026-05-29T05:42:51.603Z"}
{"level":"info","message":"Socket authenticated successfully. User ID: 6a19183abab82352f5f46a43","timestamp":"2026-05-29T05:42:51.604Z"}
{"level":"info","message":"A user connected: 6a19183abab82352f5f46a43","timestamp":"2026-05-29T05:42:51.605Z"}
{"level":"info","message":"Socket -2Ch9URVmZAub3JFAAAE joined room for user 6a19183abab82352f5f46a43","timestamp":"2026-05-29T05:42:51.605Z"}
{"level":"info","message":"Fetched gigs for user: 6a19183abab82352f5f46a43","timestamp":"2026-05-29T05:43:02.091Z"}
{"level":"info","message":"Fetched applications for user: 6a19183abab82352f5f46a43","timestamp":"2026-05-29T05:43:02.095Z"}
{"level":"info","message":"Fetched gigs for user: 6a19183abab82352f5f46a43","timestamp":"2026-05-29T05:43:02.102Z"}
{"level":"info","message":"Fetched applications for user: 6a19183abab82352f5f46a43","timestamp":"2026-05-29T05:43:02.104Z"}
{"level":"info","message":"Fetched gigs for user: 6a19183abab82352f5f46a43","timestamp":"2026-05-29T05:43:07.516Z"}
{"level":"info","message":"Fetched applications for user: 6a19183abab82352f5f46a43","timestamp":"2026-05-29T05:43:07.517Z"}
{"level":"info","message":"Fetched gigs for user: 6a19183abab82352f5f46a43","timestamp":"2026-05-29T05:43:07.526Z"}
{"level":"info","message":"Fetched applications for user: 6a19183abab82352f5f46a43","timestamp":"2026-05-29T05:43:07.527Z"}
{"level":"debug","message":"Socket.IO authentication middleware started.","timestamp":"2026-05-29T05:43:24.182Z"}
{"level":"info","message":"Socket authenticated successfully. User ID: 6a19183abab82352f5f46a43","timestamp":"2026-05-29T05:43:24.183Z"}
{"level":"info","message":"A user connected: 6a19183abab82352f5f46a43","timestamp":"2026-05-29T05:43:24.184Z"}
{"level":"info","message":"Socket W635tsE9qK96c8pHAAAH joined room for user 6a19183abab82352f5f46a43","timestamp":"2026-05-29T05:43:24.184Z"}
{"level":"info","message":"User 6a19183abab82352f5f46a43 disconnected from socket W635tsE9qK96c8pHAAAH","timestamp":"2026-05-29T05:43:31.230Z"}
{"level":"debug","message":"Socket.IO authentication middleware started.","timestamp":"2026-05-29T05:43:47.849Z"}
{"level":"info","message":"Socket authenticated successfully. User ID: 6a191822bab82352f5f46a36","timestamp":"2026-05-29T05:43:47.850Z"}
{"level":"info","message":"A user connected: 6a191822bab82352f5f46a36","timestamp":"2026-05-29T05:43:47.850Z"}
{"level":"info","message":"Socket ahuHuRJTQD5YaHMRAAAJ joined room for user 6a191822bab82352f5f46a36","timestamp":"2026-05-29T05:43:47.850Z"}
{"level":"info","message":"Fetched gigs for user: 6a19183abab82352f5f46a43","timestamp":"2026-05-29T05:44:29.316Z"}
{"level":"info","message":"Fetched applications for user: 6a19183abab82352f5f46a43","timestamp":"2026-05-29T05:44:29.317Z"}
{"level":"info","message":"Fetched gigs for user: 6a19183abab82352f5f46a43","timestamp":"2026-05-29T05:44:29.327Z"}
{"level":"info","message":"Fetched applications for user: 6a19183abab82352f5f46a43","timestamp":"2026-05-29T05:44:29.328Z"}
{"level":"info","message":"User 6a191822bab82352f5f46a36 disconnected from socket ahuHuRJTQD5YaHMRAAAJ","timestamp":"2026-05-29T05:46:18.473Z"}
{"level":"info","message":"User 6a19183abab82352f5f46a43 disconnected from socket -2Ch9URVmZAub3JFAAAE","timestamp":"2026-05-29T05:46:19.239Z"}
{"level":"debug","message":"Socket.IO authentication middleware started.","timestamp":"2026-05-29T05:46:27.346Z"}
{"level":"info","message":"Socket authenticated successfully. User ID: 6a191822bab82352f5f46a36","timestamp":"2026-05-29T05:46:27.347Z"}
{"level":"info","message":"A user connected: 6a191822bab82352f5f46a36","timestamp":"2026-05-29T05:46:27.348Z"}
{"level":"info","message":"Socket Pd9fbYyf46abzStqAAAO joined room for user 6a191822bab82352f5f46a36","timestamp":"2026-05-29T05:46:27.348Z"}
{"level":"debug","message":"Socket.IO authentication middleware started.","timestamp":"2026-05-29T05:46:27.374Z"}
{"level":"info","message":"Socket authenticated successfully. User ID: 6a19183abab82352f5f46a43","timestamp":"2026-05-29T05:46:27.374Z"}
{"level":"info","message":"A user connected: 6a19183abab82352f5f46a43","timestamp":"2026-05-29T05:46:27.375Z"}
{"level":"info","message":"Socket JuB8hVUvR-5bTrRcAAAP joined room for user 6a19183abab82352f5f46a43","timestamp":"2026-05-29T05:46:27.375Z"}
{"level":"info","message":"User 6a191822bab82352f5f46a36 disconnected from socket Pd9fbYyf46abzStqAAAO","timestamp":"2026-05-29T05:55:52.257Z"}
{"level":"info","message":"User 6a19183abab82352f5f46a43 disconnected from socket JuB8hVUvR-5bTrRcAAAP","timestamp":"2026-05-29T05:55:52.263Z"}
{"level":"debug","message":"Socket.IO authentication middleware started.","timestamp":"2026-05-29T05:55:52.900Z"}
{"level":"info","message":"Socket authenticated successfully. User ID: 6a191822bab82352f5f46a36","timestamp":"2026-05-29T05:55:52.901Z"}
{"level":"info","message":"A user connected: 6a191822bab82352f5f46a36","timestamp":"2026-05-29T05:55:52.901Z"}
{"level":"info","message":"Socket HGq32Yk6WncxC5DqAAAT joined room for user 6a191822bab82352f5f46a36","timestamp":"2026-05-29T05:55:52.901Z"}
{"level":"debug","message":"Socket.IO authentication middleware started.","timestamp":"2026-05-29T05:55:52.933Z"}
{"level":"info","message":"Socket authenticated successfully. User ID: 6a19183abab82352f5f46a43","timestamp":"2026-05-29T05:55:52.933Z"}
{"level":"info","message":"A user connected: 6a19183abab82352f5f46a43","timestamp":"2026-05-29T05:55:52.934Z"}
{"level":"info","message":"Socket YJv1vQtOF-ZzsWXgAAAV joined room for user 6a19183abab82352f5f46a43","timestamp":"2026-05-29T05:55:52.934Z"}
{"level":"info","message":"User 6a19183abab82352f5f46a43 disconnected from socket YJv1vQtOF-ZzsWXgAAAV","timestamp":"2026-05-29T05:57:51.254Z"}
{"level":"info","message":"User 6a191822bab82352f5f46a36 disconnected from socket HGq32Yk6WncxC5DqAAAT","timestamp":"2026-05-29T05:57:51.258Z"}
{"level":"debug","message":"Socket.IO authentication middleware started.","timestamp":"2026-05-29T05:57:51.755Z"}
{"level":"info","message":"Socket authenticated successfully. User ID: 6a19183abab82352f5f46a43","timestamp":"2026-05-29T05:57:51.756Z"}
{"level":"info","message":"A user connected: 6a19183abab82352f5f46a43","timestamp":"2026-05-29T05:57:51.756Z"}
{"level":"info","message":"Socket MGCimNWz8YBfSulKAAAa joined room for user 6a19183abab82352f5f46a43","timestamp":"2026-05-29T05:57:51.756Z"}
{"level":"debug","message":"Socket.IO authentication middleware started.","timestamp":"2026-05-29T05:57:51.784Z"}
{"level":"info","message":"Socket authenticated successfully. User ID: 6a191822bab82352f5f46a36","timestamp":"2026-05-29T05:57:51.784Z"}
{"level":"info","message":"A user connected: 6a191822bab82352f5f46a36","timestamp":"2026-05-29T05:57:51.785Z"}
{"level":"info","message":"Socket OSgZ4l5ZAZ5xLKWgAAAb joined room for user 6a191822bab82352f5f46a36","timestamp":"2026-05-29T05:57:51.785Z"}
{"level":"info","message":"User 6a19183abab82352f5f46a43 disconnected from socket MGCimNWz8YBfSulKAAAa","timestamp":"2026-05-29T05:59:45.225Z"}
{"level":"info","message":"User 6a191822bab82352f5f46a36 disconnected from socket OSgZ4l5ZAZ5xLKWgAAAb","timestamp":"2026-05-29T05:59:45.226Z"}
{"level":"debug","message":"Socket.IO authentication middleware started.","timestamp":"2026-05-29T05:59:45.253Z"}
{"level":"info","message":"Socket authenticated successfully. User ID: 6a191822bab82352f5f46a36","timestamp":"2026-05-29T05:59:45.254Z"}
{"level":"info","message":"A user connected: 6a191822bab82352f5f46a36","timestamp":"2026-05-29T05:59:45.254Z"}
{"level":"info","message":"Socket Vdcg5EQan54_4uMoAAAg joined room for user 6a191822bab82352f5f46a36","timestamp":"2026-05-29T05:59:45.254Z"}
{"level":"info","message":"User 6a191822bab82352f5f46a36 disconnected from socket Vdcg5EQan54_4uMoAAAg","timestamp":"2026-05-29T05:59:45.269Z"}
{"level":"debug","message":"Socket.IO authentication middleware started.","timestamp":"2026-05-29T05:59:45.273Z"}
{"level":"info","message":"Socket authenticated successfully. User ID: 6a19183abab82352f5f46a43","timestamp":"2026-05-29T05:59:45.274Z"}
{"level":"info","message":"A user connected: 6a19183abab82352f5f46a43","timestamp":"2026-05-29T05:59:45.274Z"}
{"level":"info","message":"Socket KHpdBzp5EVf6sVagAAAk joined room for user 6a19183abab82352f5f46a43","timestamp":"2026-05-29T05:59:45.275Z"}
{"level":"debug","message":"Socket.IO authentication middleware started.","timestamp":"2026-05-29T05:59:45.281Z"}
{"level":"info","message":"Socket authenticated successfully. User ID: 6a191822bab82352f5f46a36","timestamp":"2026-05-29T05:59:45.282Z"}
{"level":"info","message":"A user connected: 6a191822bab82352f5f46a36","timestamp":"2026-05-29T05:59:45.282Z"}
{"level":"info","message":"Socket xZna46v7tEpS7wKaAAAm joined room for user 6a191822bab82352f5f46a36","timestamp":"2026-05-29T05:59:45.282Z"}
{"level":"info","message":"User 6a19183abab82352f5f46a43 disconnected from socket KHpdBzp5EVf6sVagAAAk","timestamp":"2026-05-29T05:59:56.264Z"}
{"level":"info","message":"User 6a191822bab82352f5f46a36 disconnected from socket xZna46v7tEpS7wKaAAAm","timestamp":"2026-05-29T05:59:56.270Z"}
{"level":"warn","message":"REDIS_URL not found in environment variables. Redis-dependent features will be disabled.","timestamp":"2026-05-29T06:05:43.456Z"}
{"level":"info","message":"Environment variables validated successfully.","timestamp":"2026-05-29T06:05:44.129Z"}
{"level":"info","message":"Google Client ID loaded: 6673985772...","timestamp":"2026-05-29T06:05:44.141Z"}
{"level":"info","message":"Google OAuth Strategy initialized successfully.","timestamp":"2026-05-29T06:05:44.142Z"}
{"level":"info","message":"Server started on port 5000","timestamp":"2026-05-29T06:05:44.150Z"}
{"level":"info","message":"Mongoose connected to MongoDB.","timestamp":"2026-05-29T06:05:44.158Z"}
{"level":"info","message":"MongoDB Connected: localhost","timestamp":"2026-05-29T06:05:44.161Z"}
{"level":"warn","message":"REDIS_URL not found in environment variables. Redis-dependent features will be disabled.","timestamp":"2026-05-29T06:06:06.765Z"}
{"level":"info","message":"Environment variables validated successfully.","timestamp":"2026-05-29T06:06:07.260Z"}
{"level":"info","message":"Google Client ID loaded: 6673985772...","timestamp":"2026-05-29T06:06:07.273Z"}
{"level":"info","message":"Google OAuth Strategy initialized successfully.","timestamp":"2026-05-29T06:06:07.274Z"}
{"level":"info","message":"Server started on port 5000","timestamp":"2026-05-29T06:06:07.282Z"}
{"level":"info","message":"Mongoose connected to MongoDB.","timestamp":"2026-05-29T06:06:07.288Z"}
{"level":"info","message":"MongoDB Connected: localhost","timestamp":"2026-05-29T06:06:07.291Z"}
{"level":"warn","message":"REDIS_URL not found in environment variables. Redis-dependent features will be disabled.","timestamp":"2026-05-29T06:06:16.955Z"}
{"level":"info","message":"Environment variables validated successfully.","timestamp":"2026-05-29T06:06:17.434Z"}
{"level":"info","message":"Google Client ID loaded: 6673985772...","timestamp":"2026-05-29T06:06:17.447Z"}
{"level":"info","message":"Google OAuth Strategy initialized successfully.","timestamp":"2026-05-29T06:06:17.448Z"}
{"level":"info","message":"Server started on port 5000","timestamp":"2026-05-29T06:06:17.456Z"}
{"level":"info","message":"Mongoose connected to MongoDB.","timestamp":"2026-05-29T06:06:17.463Z"}
{"level":"info","message":"MongoDB Connected: localhost","timestamp":"2026-05-29T06:06:17.465Z"}
{"level":"warn","message":"REDIS_URL not found in environment variables. Redis-dependent features will be disabled.","timestamp":"2026-05-29T06:06:40.204Z"}
{"level":"info","message":"Environment variables validated successfully.","timestamp":"2026-05-29T06:06:40.716Z"}
{"level":"info","message":"Google Client ID loaded: 6673985772...","timestamp":"2026-05-29T06:06:40.729Z"}
{"level":"info","message":"Google OAuth Strategy initialized successfully.","timestamp":"2026-05-29T06:06:40.730Z"}
{"level":"info","message":"Server started on port 5000","timestamp":"2026-05-29T06:06:40.738Z"}
{"level":"info","message":"Mongoose connected to MongoDB.","timestamp":"2026-05-29T06:06:40.747Z"}
{"level":"info","message":"MongoDB Connected: localhost","timestamp":"2026-05-29T06:06:40.752Z"}
{"level":"warn","message":"REDIS_URL not found in environment variables. Redis-dependent features will be disabled.","timestamp":"2026-05-29T06:06:55.844Z"}
{"level":"info","message":"Environment variables validated successfully.","timestamp":"2026-05-29T06:06:56.347Z"}
{"level":"info","message":"Google Client ID loaded: 6673985772...","timestamp":"2026-05-29T06:06:56.358Z"}
{"level":"info","message":"Google OAuth Strategy initialized successfully.","timestamp":"2026-05-29T06:06:56.359Z"}
{"level":"info","message":"Server started on port 5000","timestamp":"2026-05-29T06:06:56.368Z"}
{"level":"info","message":"Mongoose connected to MongoDB.","timestamp":"2026-05-29T06:06:56.375Z"}
{"level":"info","message":"MongoDB Connected: localhost","timestamp":"2026-05-29T06:06:56.379Z"}
{"level":"warn","message":"REDIS_URL not found in environment variables. Redis-dependent features will be disabled.","timestamp":"2026-05-29T06:07:26.042Z"}
{"level":"info","message":"Environment variables validated successfully.","timestamp":"2026-05-29T06:07:26.540Z"}
{"level":"info","message":"Google Client ID loaded: 6673985772...","timestamp":"2026-05-29T06:07:26.552Z"}
{"level":"info","message":"Google OAuth Strategy initialized successfully.","timestamp":"2026-05-29T06:07:26.553Z"}
{"level":"info","message":"Server started on port 5000","timestamp":"2026-05-29T06:07:26.559Z"}
{"level":"info","message":"Mongoose connected to MongoDB.","timestamp":"2026-05-29T06:07:26.565Z"}
{"level":"info","message":"MongoDB Connected: localhost","timestamp":"2026-05-29T06:07:26.568Z"}
{"level":"warn","message":"REDIS_URL not found in environment variables. Redis-dependent features will be disabled.","timestamp":"2026-05-29T06:07:45.879Z"}
{"level":"info","message":"Environment variables validated successfully.","timestamp":"2026-05-29T06:07:46.413Z"}
{"level":"info","message":"Google Client ID loaded: 6673985772...","timestamp":"2026-05-29T06:07:46.425Z"}
{"level":"info","message":"Google OAuth Strategy initialized successfully.","timestamp":"2026-05-29T06:07:46.427Z"}
{"level":"info","message":"Server started on port 5000","timestamp":"2026-05-29T06:07:46.436Z"}
{"level":"info","message":"Mongoose connected to MongoDB.","timestamp":"2026-05-29T06:07:46.445Z"}
{"level":"info","message":"MongoDB Connected: localhost","timestamp":"2026-05-29T06:07:46.448Z"}
{"level":"warn","message":"REDIS_URL not found in environment variables. Redis-dependent features will be disabled.","timestamp":"2026-05-29T06:08:44.227Z"}
{"level":"info","message":"Environment variables validated successfully.","timestamp":"2026-05-29T06:08:44.712Z"}
{"level":"info","message":"Google Client ID loaded: 6673985772...","timestamp":"2026-05-29T06:08:44.727Z"}
{"level":"info","message":"Google OAuth Strategy initialized successfully.","timestamp":"2026-05-29T06:08:44.729Z"}
{"level":"info","message":"Server started on port 5000","timestamp":"2026-05-29T06:08:44.737Z"}
{"level":"info","message":"Mongoose connected to MongoDB.","timestamp":"2026-05-29T06:08:44.746Z"}
{"level":"info","message":"MongoDB Connected: localhost","timestamp":"2026-05-29T06:08:44.748Z"}
{"message":"REDIS_URL not found in environment variables. Redis-dependent features will be disabled.","level":"warn","timestamp":"2026-05-29T06:09:16.475Z","requestId":"system"}
{"message":"Environment variables validated successfully.","level":"info","timestamp":"2026-05-29T06:09:17.015Z","requestId":"system"}
{"message":"Google Client ID loaded: 6673985772...","level":"info","timestamp":"2026-05-29T06:09:17.027Z","requestId":"system"}
{"message":"Google OAuth Strategy initialized successfully.","level":"info","timestamp":"2026-05-29T06:09:17.028Z","requestId":"system"}
{"message":"Server started on port 5000","level":"info","timestamp":"2026-05-29T06:09:17.035Z","requestId":"system"}
{"message":"Mongoose connected to MongoDB.","level":"info","timestamp":"2026-05-29T06:09:17.044Z","requestId":"system"}
{"message":"MongoDB Connected: localhost","level":"info","timestamp":"2026-05-29T06:09:17.047Z","requestId":"system"}
{"message":"REDIS_URL not found in environment variables. Redis-dependent features will be disabled.","level":"warn","timestamp":"2026-05-29T06:09:51.234Z","requestId":"system"}
{"message":"Environment variables validated successfully.","level":"info","timestamp":"2026-05-29T06:09:51.723Z","requestId":"system"}
{"message":"Google Client ID loaded: 6673985772...","level":"info","timestamp":"2026-05-29T06:09:51.736Z","requestId":"system"}
{"message":"Google OAuth Strategy initialized successfully.","level":"info","timestamp":"2026-05-29T06:09:51.737Z","requestId":"system"}
{"message":"Server started on port 5000","level":"info","timestamp":"2026-05-29T06:09:51.745Z","requestId":"system"}
{"message":"Mongoose connected to MongoDB.","level":"info","timestamp":"2026-05-29T06:09:51.755Z","requestId":"system"}
{"message":"MongoDB Connected: localhost","level":"info","timestamp":"2026-05-29T06:09:51.758Z","requestId":"system"}
{"message":"REDIS_URL not found in environment variables. Redis-dependent features will be disabled.","level":"warn","timestamp":"2026-05-29T06:10:01.937Z","requestId":"system"}
{"message":"Environment variables validated successfully.","level":"info","timestamp":"2026-05-29T06:10:02.430Z","requestId":"system"}
{"message":"Google Client ID loaded: 6673985772...","level":"info","timestamp":"2026-05-29T06:10:02.442Z","requestId":"system"}
{"message":"Google OAuth Strategy initialized successfully.","level":"info","timestamp":"2026-05-29T06:10:02.443Z","requestId":"system"}
{"message":"Server started on port 5000","level":"info","timestamp":"2026-05-29T06:10:02.450Z","requestId":"system"}
{"message":"Mongoose connected to MongoDB.","level":"info","timestamp":"2026-05-29T06:10:02.458Z","requestId":"system"}
{"message":"MongoDB Connected: localhost","level":"info","timestamp":"2026-05-29T06:10:02.461Z","requestId":"system"}
