{"message":"REDIS_URL not found in environment variables. Redis-dependent features will be disabled.","level":"warn","timestamp":"2026-06-01T13:09:09.200Z","requestId":"system"}
{"message":"OpenAPI document generated successfully.","level":"info","timestamp":"2026-06-01T13:09:09.758Z","requestId":"system"}
{"message":"Environment variables validated successfully.","level":"info","timestamp":"2026-06-01T13:09:09.834Z","requestId":"system"}
{"message":"Google Client ID loaded: 6673985772...","level":"info","timestamp":"2026-06-01T13:09:09.846Z","requestId":"system"}
{"message":"Google OAuth Strategy initialized successfully.","level":"info","timestamp":"2026-06-01T13:09:09.847Z","requestId":"system"}
{"message":"Server started on port 5000","level":"info","timestamp":"2026-06-01T13:09:09.856Z","requestId":"system"}
{"message":"Mongoose connected to MongoDB.","level":"info","timestamp":"2026-06-01T13:09:09.868Z","requestId":"system"}
{"message":"MongoDB Connected: localhost","level":"info","timestamp":"2026-06-01T13:09:09.871Z","requestId":"system"}
{"message":"Socket.IO authentication middleware started.","level":"debug","timestamp":"2026-06-01T13:09:29.617Z","requestId":"system"}
{"message":"Socket authenticated successfully. User ID: 6a19183abab82352f5f46a43","level":"info","timestamp":"2026-06-01T13:09:29.618Z","requestId":"system"}
{"message":"A user connected: 6a19183abab82352f5f46a43","level":"info","timestamp":"2026-06-01T13:09:29.619Z","requestId":"system"}
{"message":"Socket Owb9n4pbtD0Ky867AAAC joined room for user 6a19183abab82352f5f46a43","level":"info","timestamp":"2026-06-01T13:09:29.620Z","requestId":"system"}
{"message":"Fetched gigs for user: 6a19183abab82352f5f46a43","level":"info","timestamp":"2026-06-01T13:09:46.890Z","requestId":"9c50af08-b5f1-4c57-909d-480f1536f8b9"}
{"message":"User 6a19183abab82352f5f46a43 disconnected from socket Owb9n4pbtD0Ky867AAAC","level":"info","timestamp":"2026-06-01T13:09:48.419Z","requestId":"system"}
{"message":"Fetched gigs for user: 6a19183abab82352f5f46a43","level":"info","timestamp":"2026-06-01T13:09:48.500Z","requestId":"6e8c784d-aaad-4caf-89c6-320d13db3148"}
{"message":"Socket.IO authentication middleware started.","level":"debug","timestamp":"2026-06-01T13:09:48.527Z","requestId":"system"}
{"message":"Socket authenticated successfully. User ID: 6a19183abab82352f5f46a43","level":"info","timestamp":"2026-06-01T13:09:48.528Z","requestId":"system"}
{"message":"A user connected: 6a19183abab82352f5f46a43","level":"info","timestamp":"2026-06-01T13:09:48.528Z","requestId":"system"}
{"message":"Socket iPk4dLYnE9jdbownAAAF joined room for user 6a19183abab82352f5f46a43","level":"info","timestamp":"2026-06-01T13:09:48.529Z","requestId":"system"}
{"message":"User 6a19183abab82352f5f46a43 disconnected from socket iPk4dLYnE9jdbownAAAF","level":"info","timestamp":"2026-06-01T13:09:49.160Z","requestId":"system"}
{"message":"Socket.IO authentication middleware started.","level":"debug","timestamp":"2026-06-01T13:09:49.264Z","requestId":"system"}
{"message":"Socket authenticated successfully. User ID: 6a19183abab82352f5f46a43","level":"info","timestamp":"2026-06-01T13:09:49.264Z","requestId":"system"}
{"message":"A user connected: 6a19183abab82352f5f46a43","level":"info","timestamp":"2026-06-01T13:09:49.265Z","requestId":"system"}
{"message":"Socket 2aBjcOwpH1Yj_dZeAAAI joined room for user 6a19183abab82352f5f46a43","level":"info","timestamp":"2026-06-01T13:09:49.265Z","requestId":"system"}
{"message":"Fetched gigs for user: 6a19183abab82352f5f46a43","level":"info","timestamp":"2026-06-01T13:09:49.268Z","requestId":"d358b84b-4ef9-469d-9540-5f2d5eac3d06"}
{"message":"User 6a19183abab82352f5f46a43 disconnected from socket 2aBjcOwpH1Yj_dZeAAAI","level":"info","timestamp":"2026-06-01T13:14:17.757Z","requestId":"system"}
{"message":"Fetched gigs for user: 6a19183abab82352f5f46a43","level":"info","timestamp":"2026-06-01T13:14:17.933Z","requestId":"4fc317e4-4289-4888-b355-2bec244cb3f4"}
{"message":"Socket.IO authentication middleware started.","level":"debug","timestamp":"2026-06-01T13:14:17.961Z","requestId":"system"}
{"message":"Socket authenticated successfully. User ID: 6a19183abab82352f5f46a43","level":"info","timestamp":"2026-06-01T13:14:17.962Z","requestId":"system"}
{"message":"A user connected: 6a19183abab82352f5f46a43","level":"info","timestamp":"2026-06-01T13:14:17.962Z","requestId":"system"}
{"message":"Socket YOYDj3UrWV_tuGrKAAAL joined room for user 6a19183abab82352f5f46a43","level":"info","timestamp":"2026-06-01T13:14:17.962Z","requestId":"system"}
{"message":"User 6a19183abab82352f5f46a43 disconnected from socket YOYDj3UrWV_tuGrKAAAL","level":"info","timestamp":"2026-06-01T13:14:20.773Z","requestId":"system"}
{"message":"Fetched gigs for user: 6a19183abab82352f5f46a43","level":"info","timestamp":"2026-06-01T13:14:20.875Z","requestId":"51b11be1-6b81-4168-939a-667a95972c50"}
{"message":"Socket.IO authentication middleware started.","level":"debug","timestamp":"2026-06-01T13:14:20.884Z","requestId":"system"}
{"message":"Socket authenticated successfully. User ID: 6a19183abab82352f5f46a43","level":"info","timestamp":"2026-06-01T13:14:20.884Z","requestId":"system"}
{"message":"A user connected: 6a19183abab82352f5f46a43","level":"info","timestamp":"2026-06-01T13:14:20.885Z","requestId":"system"}
{"message":"Socket ZfMlVNQ--HXIQVpuAAAO joined room for user 6a19183abab82352f5f46a43","level":"info","timestamp":"2026-06-01T13:14:20.885Z","requestId":"system"}
{"message":"User 6a19183abab82352f5f46a43 disconnected from socket ZfMlVNQ--HXIQVpuAAAO","level":"info","timestamp":"2026-06-01T13:14:59.554Z","requestId":"system"}
{"message":"Fetched gigs for user: 6a19183abab82352f5f46a43","level":"info","timestamp":"2026-06-01T13:14:59.663Z","requestId":"4c63e728-3913-4329-8ac7-1292dfa8fff4"}
{"message":"Socket.IO authentication middleware started.","level":"debug","timestamp":"2026-06-01T13:14:59.689Z","requestId":"system"}
{"message":"Socket authenticated successfully. User ID: 6a19183abab82352f5f46a43","level":"info","timestamp":"2026-06-01T13:14:59.689Z","requestId":"system"}
{"message":"A user connected: 6a19183abab82352f5f46a43","level":"info","timestamp":"2026-06-01T13:14:59.690Z","requestId":"system"}
{"message":"Socket Bpelu5kSdNDfu9oGAAAR joined room for user 6a19183abab82352f5f46a43","level":"info","timestamp":"2026-06-01T13:14:59.690Z","requestId":"system"}
{"message":"Socket.IO authentication middleware started.","level":"debug","timestamp":"2026-06-01T13:15:05.782Z","requestId":"system"}
{"message":"Socket authenticated successfully. User ID: 6a1c6077020a8672571097a8","level":"info","timestamp":"2026-06-01T13:15:05.783Z","requestId":"system"}
{"message":"A user connected: 6a1c6077020a8672571097a8","level":"info","timestamp":"2026-06-01T13:15:05.783Z","requestId":"system"}
{"message":"Socket OP0xx9Hs0SEiMjwqAAAU joined room for user 6a1c6077020a8672571097a8","level":"info","timestamp":"2026-06-01T13:15:05.783Z","requestId":"system"}
{"message":"User profile updated: 6a1c6077020a8672571097a8","level":"info","timestamp":"2026-06-01T13:16:58.867Z","requestId":"1c98a3f8-c0a3-4295-847a-ce578364a8a6"}
{"message":"User 6a1c6077020a8672571097a8 disconnected from socket OP0xx9Hs0SEiMjwqAAAU","level":"info","timestamp":"2026-06-01T13:16:58.876Z","requestId":"system"}
{"message":"Socket.IO authentication middleware started.","level":"debug","timestamp":"2026-06-01T13:16:58.892Z","requestId":"system"}
{"message":"Socket authenticated successfully. User ID: 6a1c6077020a8672571097a8","level":"info","timestamp":"2026-06-01T13:16:58.893Z","requestId":"system"}
{"message":"A user connected: 6a1c6077020a8672571097a8","level":"info","timestamp":"2026-06-01T13:16:58.893Z","requestId":"system"}
{"message":"Socket SPh-NvUjEDtCI2VeAAAW joined room for user 6a1c6077020a8672571097a8","level":"info","timestamp":"2026-06-01T13:16:58.893Z","requestId":"system"}
{"message":"Fetched gigs for user: 6a19183abab82352f5f46a43","level":"info","timestamp":"2026-06-01T13:17:43.351Z","requestId":"19a3575e-811d-4d2e-b13d-9d05cf6dbf1c"}
{"message":"REDIS_URL not found in environment variables. Redis-dependent features will be disabled.","level":"warn","timestamp":"2026-06-01T13:18:24.639Z","requestId":"system"}
{"message":"OpenAPI document generated successfully.","level":"info","timestamp":"2026-06-01T13:18:25.064Z","requestId":"system"}
{"message":"Environment variables validated successfully.","level":"info","timestamp":"2026-06-01T13:18:25.128Z","requestId":"system"}
{"message":"Google Client ID loaded: 6673985772...","level":"info","timestamp":"2026-06-01T13:18:25.140Z","requestId":"system"}
{"message":"Google OAuth Strategy initialized successfully.","level":"info","timestamp":"2026-06-01T13:18:25.140Z","requestId":"system"}
{"message":"Server started on port 5000","level":"info","timestamp":"2026-06-01T13:18:25.147Z","requestId":"system"}
{"message":"Mongoose connected to MongoDB.","level":"info","timestamp":"2026-06-01T13:18:25.155Z","requestId":"system"}
{"message":"MongoDB Connected: localhost","level":"info","timestamp":"2026-06-01T13:18:25.158Z","requestId":"system"}
{"message":"Socket.IO authentication middleware started.","level":"debug","timestamp":"2026-06-01T13:18:25.234Z","requestId":"system"}
{"message":"Socket authenticated successfully. User ID: 6a19183abab82352f5f46a43","level":"info","timestamp":"2026-06-01T13:18:25.237Z","requestId":"system"}
{"message":"A user connected: 6a19183abab82352f5f46a43","level":"info","timestamp":"2026-06-01T13:18:25.238Z","requestId":"system"}
{"message":"Socket pOIO2r041sDlsLD8AAAB joined room for user 6a19183abab82352f5f46a43","level":"info","timestamp":"2026-06-01T13:18:25.238Z","requestId":"system"}
{"message":"Socket.IO authentication middleware started.","level":"debug","timestamp":"2026-06-01T13:18:25.243Z","requestId":"system"}
{"message":"Socket authenticated successfully. User ID: 6a1c6077020a8672571097a8","level":"info","timestamp":"2026-06-01T13:18:25.244Z","requestId":"system"}
{"message":"A user connected: 6a1c6077020a8672571097a8","level":"info","timestamp":"2026-06-01T13:18:25.244Z","requestId":"system"}
{"message":"Socket BBupGOqIevzsgB6NAAAD joined room for user 6a1c6077020a8672571097a8","level":"info","timestamp":"2026-06-01T13:18:25.244Z","requestId":"system"}
{"message":"REDIS_URL not found in environment variables. Redis-dependent features will be disabled.","level":"warn","timestamp":"2026-06-01T13:18:36.721Z","requestId":"system"}
{"message":"OpenAPI document generated successfully.","level":"info","timestamp":"2026-06-01T13:18:37.124Z","requestId":"system"}
{"message":"Environment variables validated successfully.","level":"info","timestamp":"2026-06-01T13:18:37.180Z","requestId":"system"}
{"message":"Google Client ID loaded: 6673985772...","level":"info","timestamp":"2026-06-01T13:18:37.193Z","requestId":"system"}
{"message":"Google OAuth Strategy initialized successfully.","level":"info","timestamp":"2026-06-01T13:18:37.195Z","requestId":"system"}
{"message":"Server started on port 5000","level":"info","timestamp":"2026-06-01T13:18:37.201Z","requestId":"system"}
{"message":"Mongoose connected to MongoDB.","level":"info","timestamp":"2026-06-01T13:18:37.209Z","requestId":"system"}
{"message":"MongoDB Connected: localhost","level":"info","timestamp":"2026-06-01T13:18:37.212Z","requestId":"system"}
{"message":"Socket.IO authentication middleware started.","level":"debug","timestamp":"2026-06-01T13:18:37.234Z","requestId":"system"}
{"message":"Socket authenticated successfully. User ID: 6a1c6077020a8672571097a8","level":"info","timestamp":"2026-06-01T13:18:37.236Z","requestId":"system"}
{"message":"A user connected: 6a1c6077020a8672571097a8","level":"info","timestamp":"2026-06-01T13:18:37.237Z","requestId":"system"}
{"message":"Socket KYEkUG5XjKeoAA4YAAAC joined room for user 6a1c6077020a8672571097a8","level":"info","timestamp":"2026-06-01T13:18:37.237Z","requestId":"system"}
{"message":"Socket.IO authentication middleware started.","level":"debug","timestamp":"2026-06-01T13:18:37.239Z","requestId":"system"}
{"message":"Socket authenticated successfully. User ID: 6a19183abab82352f5f46a43","level":"info","timestamp":"2026-06-01T13:18:37.240Z","requestId":"system"}
{"message":"A user connected: 6a19183abab82352f5f46a43","level":"info","timestamp":"2026-06-01T13:18:37.240Z","requestId":"system"}
{"message":"Socket 1JP4US9lji7jkYffAAAD joined room for user 6a19183abab82352f5f46a43","level":"info","timestamp":"2026-06-01T13:18:37.240Z","requestId":"system"}
{"message":"User 6a1c6077020a8672571097a8 disconnected from socket KYEkUG5XjKeoAA4YAAAC","level":"info","timestamp":"2026-06-01T13:19:39.704Z","requestId":"system"}
{"message":"Socket.IO authentication middleware started.","level":"debug","timestamp":"2026-06-01T13:19:39.885Z","requestId":"system"}
{"message":"Socket authenticated successfully. User ID: 6a1c6077020a8672571097a8","level":"info","timestamp":"2026-06-01T13:19:39.886Z","requestId":"system"}
{"message":"A user connected: 6a1c6077020a8672571097a8","level":"info","timestamp":"2026-06-01T13:19:39.887Z","requestId":"system"}
{"message":"Socket aGO79WecRJY9V-8MAAAG joined room for user 6a1c6077020a8672571097a8","level":"info","timestamp":"2026-06-01T13:19:39.887Z","requestId":"system"}
{"message":"User 6a1c6077020a8672571097a8 disconnected from socket aGO79WecRJY9V-8MAAAG","level":"info","timestamp":"2026-06-01T13:19:50.035Z","requestId":"system"}
{"message":"Socket.IO authentication middleware started.","level":"debug","timestamp":"2026-06-01T13:19:50.141Z","requestId":"system"}
{"message":"Socket authenticated successfully. User ID: 6a1c6077020a8672571097a8","level":"info","timestamp":"2026-06-01T13:19:50.142Z","requestId":"system"}
{"message":"A user connected: 6a1c6077020a8672571097a8","level":"info","timestamp":"2026-06-01T13:19:50.142Z","requestId":"system"}
{"message":"Socket aoisEcOokAx_hX0KAAAJ joined room for user 6a1c6077020a8672571097a8","level":"info","timestamp":"2026-06-01T13:19:50.142Z","requestId":"system"}
{"message":"User profile updated: 6a1c6077020a8672571097a8","level":"info","timestamp":"2026-06-01T13:20:06.347Z","requestId":"93912fbd-9aee-47ef-b735-d0864898016c"}
{"message":"User 6a1c6077020a8672571097a8 disconnected from socket aoisEcOokAx_hX0KAAAJ","level":"info","timestamp":"2026-06-01T13:20:06.353Z","requestId":"system"}
{"message":"Socket.IO authentication middleware started.","level":"debug","timestamp":"2026-06-01T13:20:06.366Z","requestId":"system"}
{"message":"Socket authenticated successfully. User ID: 6a1c6077020a8672571097a8","level":"info","timestamp":"2026-06-01T13:20:06.367Z","requestId":"system"}
{"message":"A user connected: 6a1c6077020a8672571097a8","level":"info","timestamp":"2026-06-01T13:20:06.367Z","requestId":"system"}
{"message":"Socket 6HwK92qxOa7MgYfKAAAL joined room for user 6a1c6077020a8672571097a8","level":"info","timestamp":"2026-06-01T13:20:06.368Z","requestId":"system"}
{"message":"User 6a19183abab82352f5f46a43 disconnected from socket 1JP4US9lji7jkYffAAAD","level":"info","timestamp":"2026-06-01T13:21:30.832Z","requestId":"system"}
{"message":"Socket.IO authentication middleware started.","level":"debug","timestamp":"2026-06-01T13:21:31.046Z","requestId":"system"}
{"message":"Socket authenticated successfully. User ID: 6a19183abab82352f5f46a43","level":"info","timestamp":"2026-06-01T13:21:31.047Z","requestId":"system"}
{"message":"A user connected: 6a19183abab82352f5f46a43","level":"info","timestamp":"2026-06-01T13:21:31.047Z","requestId":"system"}
{"message":"Socket 9H7zrjq2voWepi3jAAAO joined room for user 6a19183abab82352f5f46a43","level":"info","timestamp":"2026-06-01T13:21:31.047Z","requestId":"system"}
{"message":"User 6a1c6077020a8672571097a8 disconnected from socket 6HwK92qxOa7MgYfKAAAL","level":"info","timestamp":"2026-06-01T13:23:41.083Z","requestId":"system"}
{"message":"User 6a19183abab82352f5f46a43 disconnected from socket 9H7zrjq2voWepi3jAAAO","level":"info","timestamp":"2026-06-01T13:24:03.634Z","requestId":"system"}
{"message":"Socket.IO authentication middleware started.","level":"debug","timestamp":"2026-06-01T13:28:20.616Z","requestId":"system"}
{"message":"Socket authenticated successfully. User ID: 6a1c6077020a8672571097a8","level":"info","timestamp":"2026-06-01T13:28:20.616Z","requestId":"system"}
{"message":"A user connected: 6a1c6077020a8672571097a8","level":"info","timestamp":"2026-06-01T13:28:20.617Z","requestId":"system"}
{"message":"Socket yGEOgT2GueUNCKLhAAAR joined room for user 6a1c6077020a8672571097a8","level":"info","timestamp":"2026-06-01T13:28:20.618Z","requestId":"system"}
{"message":"Socket.IO authentication middleware started.","level":"debug","timestamp":"2026-06-01T13:28:20.655Z","requestId":"system"}
{"message":"Socket authenticated successfully. User ID: 6a19183abab82352f5f46a43","level":"info","timestamp":"2026-06-01T13:28:20.656Z","requestId":"system"}
{"message":"A user connected: 6a19183abab82352f5f46a43","level":"info","timestamp":"2026-06-01T13:28:20.656Z","requestId":"system"}
{"message":"Socket zlqlNPuWVDufLBtGAAAU joined room for user 6a19183abab82352f5f46a43","level":"info","timestamp":"2026-06-01T13:28:20.657Z","requestId":"system"}
{"message":"User 6a1c6077020a8672571097a8 disconnected from socket yGEOgT2GueUNCKLhAAAR","level":"info","timestamp":"2026-06-01T13:30:18.952Z","requestId":"system"}
{"message":"Socket.IO authentication middleware started.","level":"debug","timestamp":"2026-06-01T13:30:19.101Z","requestId":"system"}
{"message":"Socket authenticated successfully. User ID: 6a1c6077020a8672571097a8","level":"info","timestamp":"2026-06-01T13:30:19.101Z","requestId":"system"}
{"message":"A user connected: 6a1c6077020a8672571097a8","level":"info","timestamp":"2026-06-01T13:30:19.101Z","requestId":"system"}
{"message":"Socket QGPACVFX37uWCRclAAAX joined room for user 6a1c6077020a8672571097a8","level":"info","timestamp":"2026-06-01T13:30:19.101Z","requestId":"system"}
{"message":"Avatar updated for user: 6a1c6077020a8672571097a8","level":"info","timestamp":"2026-06-01T13:31:02.909Z","requestId":"system"}
{"message":"User 6a1c6077020a8672571097a8 disconnected from socket QGPACVFX37uWCRclAAAX","level":"info","timestamp":"2026-06-01T13:31:02.917Z","requestId":"system"}
{"message":"User profile updated: 6a1c6077020a8672571097a8","level":"info","timestamp":"2026-06-01T13:31:02.928Z","requestId":"9a1d9414-4732-45cd-a94a-b63a66b99c2d"}
{"message":"Socket.IO authentication middleware started.","level":"debug","timestamp":"2026-06-01T13:31:02.935Z","requestId":"system"}
{"message":"Socket authenticated successfully. User ID: 6a1c6077020a8672571097a8","level":"info","timestamp":"2026-06-01T13:31:02.936Z","requestId":"system"}
{"message":"A user connected: 6a1c6077020a8672571097a8","level":"info","timestamp":"2026-06-01T13:31:02.936Z","requestId":"system"}
{"message":"Socket ZuXvweX4N42nEexxAAAZ joined room for user 6a1c6077020a8672571097a8","level":"info","timestamp":"2026-06-01T13:31:02.936Z","requestId":"system"}
{"message":"User 6a1c6077020a8672571097a8 disconnected from socket ZuXvweX4N42nEexxAAAZ","level":"info","timestamp":"2026-06-01T13:31:02.952Z","requestId":"system"}
{"message":"Socket.IO authentication middleware started.","level":"debug","timestamp":"2026-06-01T13:31:02.957Z","requestId":"system"}
{"message":"Socket authenticated successfully. User ID: 6a1c6077020a8672571097a8","level":"info","timestamp":"2026-06-01T13:31:02.957Z","requestId":"system"}
{"message":"A user connected: 6a1c6077020a8672571097a8","level":"info","timestamp":"2026-06-01T13:31:02.958Z","requestId":"system"}
{"message":"Socket Ta8rFVxkuoX5tjXYAAAb joined room for user 6a1c6077020a8672571097a8","level":"info","timestamp":"2026-06-01T13:31:02.958Z","requestId":"system"}
{"message":"Fetched gigs for user: 6a19183abab82352f5f46a43","level":"info","timestamp":"2026-06-01T13:32:16.868Z","requestId":"888dd9d6-19a5-4b7b-a78d-cabc277c3496"}
{"message":"User profile updated: 6a19183abab82352f5f46a43","level":"info","timestamp":"2026-06-01T13:32:30.942Z","requestId":"ab377c15-0830-4546-8b3e-ef21adf30879"}
{"message":"User 6a19183abab82352f5f46a43 disconnected from socket zlqlNPuWVDufLBtGAAAU","level":"info","timestamp":"2026-06-01T13:32:30.950Z","requestId":"system"}
{"message":"Socket.IO authentication middleware started.","level":"debug","timestamp":"2026-06-01T13:32:30.964Z","requestId":"system"}
{"message":"Socket authenticated successfully. User ID: 6a19183abab82352f5f46a43","level":"info","timestamp":"2026-06-01T13:32:30.965Z","requestId":"system"}
{"message":"A user connected: 6a19183abab82352f5f46a43","level":"info","timestamp":"2026-06-01T13:32:30.966Z","requestId":"system"}
{"message":"Socket oyZr3qE1H_9aMt3mAAAd joined room for user 6a19183abab82352f5f46a43","level":"info","timestamp":"2026-06-01T13:32:30.966Z","requestId":"system"}
{"message":"Received join_gig event for gigId: 6a1c618be08590c447a6b18a from user 6a19183abab82352f5f46a43","level":"debug","timestamp":"2026-06-01T13:32:40.688Z","requestId":"system"}
{"message":"Received join_gig event for gigId: 6a1c618be08590c447a6b18a from user 6a19183abab82352f5f46a43","level":"debug","timestamp":"2026-06-01T13:32:40.689Z","requestId":"system"}
{"message":"Socket oyZr3qE1H_9aMt3mAAAd (User: 6a19183abab82352f5f46a43) joined gig room: gig_6a1c618be08590c447a6b18a","level":"info","timestamp":"2026-06-01T13:32:40.693Z","requestId":"system"}
{"message":"Socket oyZr3qE1H_9aMt3mAAAd (User: 6a19183abab82352f5f46a43) joined gig room: gig_6a1c618be08590c447a6b18a","level":"info","timestamp":"2026-06-01T13:32:40.694Z","requestId":"system"}
{"message":"Fetched gigs for user: 6a19183abab82352f5f46a43","level":"info","timestamp":"2026-06-01T13:35:04.237Z","requestId":"0c77bf70-cc76-4c87-8554-6b5b2b047bbd"}
{"message":"Fetched gigs for user: 6a19183abab82352f5f46a43","level":"info","timestamp":"2026-06-01T13:39:59.123Z","requestId":"4f610dc6-101c-44a1-ac2b-51b528319383"}
{"message":"REDIS_URL not found in environment variables. Redis-dependent features will be disabled.","level":"warn","timestamp":"2026-06-01T13:41:04.719Z","requestId":"system"}
{"message":"OpenAPI document generated successfully.","level":"info","timestamp":"2026-06-01T13:41:05.120Z","requestId":"system"}
{"message":"Environment variables validated successfully.","level":"info","timestamp":"2026-06-01T13:41:05.176Z","requestId":"system"}
{"message":"Google Client ID loaded: 6673985772...","level":"info","timestamp":"2026-06-01T13:41:05.189Z","requestId":"system"}
{"message":"Google OAuth Strategy initialized successfully.","level":"info","timestamp":"2026-06-01T13:41:05.190Z","requestId":"system"}
{"message":"Server started on port 5000","level":"info","timestamp":"2026-06-01T13:41:05.196Z","requestId":"system"}
{"message":"Mongoose connected to MongoDB.","level":"info","timestamp":"2026-06-01T13:41:05.203Z","requestId":"system"}
{"message":"MongoDB Connected: localhost","level":"info","timestamp":"2026-06-01T13:41:05.206Z","requestId":"system"}
{"message":"Socket.IO authentication middleware started.","level":"debug","timestamp":"2026-06-01T13:41:05.227Z","requestId":"system"}
{"message":"Socket authenticated successfully. User ID: 6a1c6077020a8672571097a8","level":"info","timestamp":"2026-06-01T13:41:05.229Z","requestId":"system"}
{"message":"A user connected: 6a1c6077020a8672571097a8","level":"info","timestamp":"2026-06-01T13:41:05.230Z","requestId":"system"}
{"message":"Socket 9HSb8VPoMKYalwSLAAAC joined room for user 6a1c6077020a8672571097a8","level":"info","timestamp":"2026-06-01T13:41:05.230Z","requestId":"system"}
{"message":"Socket.IO authentication middleware started.","level":"debug","timestamp":"2026-06-01T13:41:05.234Z","requestId":"system"}
{"message":"Socket authenticated successfully. User ID: 6a19183abab82352f5f46a43","level":"info","timestamp":"2026-06-01T13:41:05.235Z","requestId":"system"}
{"message":"A user connected: 6a19183abab82352f5f46a43","level":"info","timestamp":"2026-06-01T13:41:05.235Z","requestId":"system"}
{"message":"Socket WdBVmkk_5UytX03HAAAD joined room for user 6a19183abab82352f5f46a43","level":"info","timestamp":"2026-06-01T13:41:05.236Z","requestId":"system"}
{"message":"REDIS_URL not found in environment variables. Redis-dependent features will be disabled.","level":"warn","timestamp":"2026-06-01T13:41:44.664Z","requestId":"system"}
{"message":"OpenAPI document generated successfully.","level":"info","timestamp":"2026-06-01T13:41:45.068Z","requestId":"system"}
{"message":"Environment variables validated successfully.","level":"info","timestamp":"2026-06-01T13:41:45.125Z","requestId":"system"}
{"message":"Google Client ID loaded: 6673985772...","level":"info","timestamp":"2026-06-01T13:41:45.137Z","requestId":"system"}
{"message":"Google OAuth Strategy initialized successfully.","level":"info","timestamp":"2026-06-01T13:41:45.138Z","requestId":"system"}
{"message":"Server started on port 5000","level":"info","timestamp":"2026-06-01T13:41:45.144Z","requestId":"system"}
{"message":"Mongoose connected to MongoDB.","level":"info","timestamp":"2026-06-01T13:41:45.152Z","requestId":"system"}
{"message":"MongoDB Connected: localhost","level":"info","timestamp":"2026-06-01T13:41:45.155Z","requestId":"system"}
{"message":"Socket.IO authentication middleware started.","level":"debug","timestamp":"2026-06-01T13:41:45.269Z","requestId":"system"}
{"message":"Socket authenticated successfully. User ID: 6a19183abab82352f5f46a43","level":"info","timestamp":"2026-06-01T13:41:45.271Z","requestId":"system"}
{"message":"A user connected: 6a19183abab82352f5f46a43","level":"info","timestamp":"2026-06-01T13:41:45.272Z","requestId":"system"}
{"message":"Socket MlaEOYkTKRrc1SIHAAAC joined room for user 6a19183abab82352f5f46a43","level":"info","timestamp":"2026-06-01T13:41:45.272Z","requestId":"system"}
{"message":"Socket.IO authentication middleware started.","level":"debug","timestamp":"2026-06-01T13:41:45.273Z","requestId":"system"}
{"message":"Socket authenticated successfully. User ID: 6a1c6077020a8672571097a8","level":"info","timestamp":"2026-06-01T13:41:45.274Z","requestId":"system"}
{"message":"A user connected: 6a1c6077020a8672571097a8","level":"info","timestamp":"2026-06-01T13:41:45.274Z","requestId":"system"}
{"message":"Socket avp64CyJBjrTLekLAAAD joined room for user 6a1c6077020a8672571097a8","level":"info","timestamp":"2026-06-01T13:41:45.274Z","requestId":"system"}
{"message":"Wallet top-up: ₹5000 added for user 6a19183abab82352f5f46a43. New balance: ₹14000","level":"info","timestamp":"2026-06-01T13:45:09.393Z","requestId":"b89d4b17-564f-4639-b9d2-7989d896cb3f"}
{"message":"User 6a19183abab82352f5f46a43 disconnected from socket MlaEOYkTKRrc1SIHAAAC","level":"info","timestamp":"2026-06-01T13:45:09.426Z","requestId":"system"}
{"message":"Socket.IO authentication middleware started.","level":"debug","timestamp":"2026-06-01T13:45:09.434Z","requestId":"system"}
{"message":"Socket authenticated successfully. User ID: 6a19183abab82352f5f46a43","level":"info","timestamp":"2026-06-01T13:45:09.435Z","requestId":"system"}
{"message":"A user connected: 6a19183abab82352f5f46a43","level":"info","timestamp":"2026-06-01T13:45:09.435Z","requestId":"system"}
{"message":"Socket aJCsCv3MrwrM9esqAAAF joined room for user 6a19183abab82352f5f46a43","level":"info","timestamp":"2026-06-01T13:45:09.436Z","requestId":"system"}
{"message":"Fetched gigs for user: 6a19183abab82352f5f46a43","level":"info","timestamp":"2026-06-01T13:48:55.743Z","requestId":"b55d9824-1dd2-4844-a9e8-f8c0f2e4cd2c"}
{"message":"REDIS_URL not found in environment variables. Redis-dependent features will be disabled.","level":"warn","timestamp":"2026-06-01T13:50:27.933Z","requestId":"system"}
{"message":"OpenAPI document generated successfully.","level":"info","timestamp":"2026-06-01T13:50:28.348Z","requestId":"system"}
{"message":"Environment variables validated successfully.","level":"info","timestamp":"2026-06-01T13:50:28.407Z","requestId":"system"}
{"message":"Google Client ID loaded: 6673985772...","level":"info","timestamp":"2026-06-01T13:50:28.420Z","requestId":"system"}
{"message":"Google OAuth Strategy initialized successfully.","level":"info","timestamp":"2026-06-01T13:50:28.421Z","requestId":"system"}
{"message":"Server started on port 5000","level":"info","timestamp":"2026-06-01T13:50:28.427Z","requestId":"system"}
{"message":"Mongoose connected to MongoDB.","level":"info","timestamp":"2026-06-01T13:50:28.434Z","requestId":"system"}
{"message":"MongoDB Connected: localhost","level":"info","timestamp":"2026-06-01T13:50:28.438Z","requestId":"system"}
{"message":"Socket.IO authentication middleware started.","level":"debug","timestamp":"2026-06-01T13:50:28.482Z","requestId":"system"}
{"message":"Socket authenticated successfully. User ID: 6a1c6077020a8672571097a8","level":"info","timestamp":"2026-06-01T13:50:28.484Z","requestId":"system"}
{"message":"A user connected: 6a1c6077020a8672571097a8","level":"info","timestamp":"2026-06-01T13:50:28.484Z","requestId":"system"}
{"message":"Socket AI2tbrHvQr-SrRPGAAAC joined room for user 6a1c6077020a8672571097a8","level":"info","timestamp":"2026-06-01T13:50:28.485Z","requestId":"system"}
{"message":"Socket.IO authentication middleware started.","level":"debug","timestamp":"2026-06-01T13:50:28.486Z","requestId":"system"}
{"message":"Socket authenticated successfully. User ID: 6a19183abab82352f5f46a43","level":"info","timestamp":"2026-06-01T13:50:28.486Z","requestId":"system"}
{"message":"A user connected: 6a19183abab82352f5f46a43","level":"info","timestamp":"2026-06-01T13:50:28.486Z","requestId":"system"}
{"message":"Socket hYHAKZ1PlXR-1R2YAAAD joined room for user 6a19183abab82352f5f46a43","level":"info","timestamp":"2026-06-01T13:50:28.486Z","requestId":"system"}
{"message":"REDIS_URL not found in environment variables. Redis-dependent features will be disabled.","level":"warn","timestamp":"2026-06-01T13:50:40.462Z","requestId":"system"}
{"message":"OpenAPI document generated successfully.","level":"info","timestamp":"2026-06-01T13:50:40.865Z","requestId":"system"}
{"message":"Environment variables validated successfully.","level":"info","timestamp":"2026-06-01T13:50:40.932Z","requestId":"system"}
{"message":"Google Client ID loaded: 6673985772...","level":"info","timestamp":"2026-06-01T13:50:40.951Z","requestId":"system"}
{"message":"Google OAuth Strategy initialized successfully.","level":"info","timestamp":"2026-06-01T13:50:40.952Z","requestId":"system"}
{"message":"Server started on port 5000","level":"info","timestamp":"2026-06-01T13:50:40.961Z","requestId":"system"}
{"message":"Mongoose connected to MongoDB.","level":"info","timestamp":"2026-06-01T13:50:40.971Z","requestId":"system"}
{"message":"MongoDB Connected: localhost","level":"info","timestamp":"2026-06-01T13:50:40.976Z","requestId":"system"}
{"message":"Socket.IO authentication middleware started.","level":"debug","timestamp":"2026-06-01T13:50:41.025Z","requestId":"system"}
{"message":"Socket authenticated successfully. User ID: 6a1c6077020a8672571097a8","level":"info","timestamp":"2026-06-01T13:50:41.026Z","requestId":"system"}
{"message":"A user connected: 6a1c6077020a8672571097a8","level":"info","timestamp":"2026-06-01T13:50:41.027Z","requestId":"system"}
{"message":"Socket 5DSPwmF7YRTfM1T8AAAC joined room for user 6a1c6077020a8672571097a8","level":"info","timestamp":"2026-06-01T13:50:41.027Z","requestId":"system"}
{"message":"Socket.IO authentication middleware started.","level":"debug","timestamp":"2026-06-01T13:50:41.060Z","requestId":"system"}
{"message":"Socket authenticated successfully. User ID: 6a19183abab82352f5f46a43","level":"info","timestamp":"2026-06-01T13:50:41.061Z","requestId":"system"}
{"message":"A user connected: 6a19183abab82352f5f46a43","level":"info","timestamp":"2026-06-01T13:50:41.061Z","requestId":"system"}
{"message":"Socket XIDyJz7T9pxuANyYAAAD joined room for user 6a19183abab82352f5f46a43","level":"info","timestamp":"2026-06-01T13:50:41.061Z","requestId":"system"}
{"message":"Fetched gigs for user: 6a19183abab82352f5f46a43","level":"info","timestamp":"2026-06-01T13:50:41.065Z","requestId":"4edf4a54-b4f6-4aa0-b182-c9223d99295d"}
{"message":"REDIS_URL not found in environment variables. Redis-dependent features will be disabled.","level":"warn","timestamp":"2026-06-01T13:51:07.231Z","requestId":"system"}
{"message":"OpenAPI document generated successfully.","level":"info","timestamp":"2026-06-01T13:51:07.651Z","requestId":"system"}
{"message":"Environment variables validated successfully.","level":"info","timestamp":"2026-06-01T13:51:07.713Z","requestId":"system"}
{"message":"Google Client ID loaded: 6673985772...","level":"info","timestamp":"2026-06-01T13:51:07.727Z","requestId":"system"}
{"message":"Google OAuth Strategy initialized successfully.","level":"info","timestamp":"2026-06-01T13:51:07.728Z","requestId":"system"}
{"message":"Server started on port 5000","level":"info","timestamp":"2026-06-01T13:51:07.738Z","requestId":"system"}
{"message":"Mongoose connected to MongoDB.","level":"info","timestamp":"2026-06-01T13:51:07.744Z","requestId":"system"}
{"message":"MongoDB Connected: localhost","level":"info","timestamp":"2026-06-01T13:51:07.747Z","requestId":"system"}
{"message":"Socket.IO authentication middleware started.","level":"debug","timestamp":"2026-06-01T13:51:07.803Z","requestId":"system"}
{"message":"Socket authenticated successfully. User ID: 6a1c6077020a8672571097a8","level":"info","timestamp":"2026-06-01T13:51:07.805Z","requestId":"system"}
{"message":"A user connected: 6a1c6077020a8672571097a8","level":"info","timestamp":"2026-06-01T13:51:07.806Z","requestId":"system"}
{"message":"Socket _yKsIY87FlJi3CW_AAAB joined room for user 6a1c6077020a8672571097a8","level":"info","timestamp":"2026-06-01T13:51:07.806Z","requestId":"system"}
{"message":"Socket.IO authentication middleware started.","level":"debug","timestamp":"2026-06-01T13:51:08.222Z","requestId":"system"}
{"message":"Socket authenticated successfully. User ID: 6a19183abab82352f5f46a43","level":"info","timestamp":"2026-06-01T13:51:08.223Z","requestId":"system"}
{"message":"A user connected: 6a19183abab82352f5f46a43","level":"info","timestamp":"2026-06-01T13:51:08.223Z","requestId":"system"}
{"message":"Socket 02ekAN8cMO-G-qtOAAAD joined room for user 6a19183abab82352f5f46a43","level":"info","timestamp":"2026-06-01T13:51:08.223Z","requestId":"system"}
{"message":"REDIS_URL not found in environment variables. Redis-dependent features will be disabled.","level":"warn","timestamp":"2026-06-01T13:51:35.903Z","requestId":"system"}
{"message":"OpenAPI document generated successfully.","level":"info","timestamp":"2026-06-01T13:51:36.366Z","requestId":"system"}
{"message":"Environment variables validated successfully.","level":"info","timestamp":"2026-06-01T13:51:36.426Z","requestId":"system"}
{"message":"Google Client ID loaded: 6673985772...","level":"info","timestamp":"2026-06-01T13:51:36.438Z","requestId":"system"}
{"message":"Google OAuth Strategy initialized successfully.","level":"info","timestamp":"2026-06-01T13:51:36.439Z","requestId":"system"}
{"message":"Server started on port 5000","level":"info","timestamp":"2026-06-01T13:51:36.446Z","requestId":"system"}
{"message":"Mongoose connected to MongoDB.","level":"info","timestamp":"2026-06-01T13:51:36.461Z","requestId":"system"}
{"message":"MongoDB Connected: localhost","level":"info","timestamp":"2026-06-01T13:51:36.463Z","requestId":"system"}
{"message":"Socket.IO authentication middleware started.","level":"debug","timestamp":"2026-06-01T13:51:36.491Z","requestId":"system"}
{"message":"Socket authenticated successfully. User ID: 6a1c6077020a8672571097a8","level":"info","timestamp":"2026-06-01T13:51:36.494Z","requestId":"system"}
{"message":"A user connected: 6a1c6077020a8672571097a8","level":"info","timestamp":"2026-06-01T13:51:36.495Z","requestId":"system"}
{"message":"Socket Tr2dDIbZiQmcrkluAAAC joined room for user 6a1c6077020a8672571097a8","level":"info","timestamp":"2026-06-01T13:51:36.495Z","requestId":"system"}
{"message":"Socket.IO authentication middleware started.","level":"debug","timestamp":"2026-06-01T13:51:36.498Z","requestId":"system"}
{"message":"Socket authenticated successfully. User ID: 6a19183abab82352f5f46a43","level":"info","timestamp":"2026-06-01T13:51:36.499Z","requestId":"system"}
{"message":"A user connected: 6a19183abab82352f5f46a43","level":"info","timestamp":"2026-06-01T13:51:36.499Z","requestId":"system"}
{"message":"Socket NlhUpeBDrf3nbiLAAAAD joined room for user 6a19183abab82352f5f46a43","level":"info","timestamp":"2026-06-01T13:51:36.499Z","requestId":"system"}
{"message":"REDIS_URL not found in environment variables. Redis-dependent features will be disabled.","level":"warn","timestamp":"2026-06-01T13:52:05.535Z","requestId":"system"}
{"message":"OpenAPI document generated successfully.","level":"info","timestamp":"2026-06-01T13:52:05.947Z","requestId":"system"}
{"message":"Environment variables validated successfully.","level":"info","timestamp":"2026-06-01T13:52:06.003Z","requestId":"system"}
{"message":"Google Client ID loaded: 6673985772...","level":"info","timestamp":"2026-06-01T13:52:06.016Z","requestId":"system"}
{"message":"Google OAuth Strategy initialized successfully.","level":"info","timestamp":"2026-06-01T13:52:06.017Z","requestId":"system"}
{"message":"Server started on port 5000","level":"info","timestamp":"2026-06-01T13:52:06.023Z","requestId":"system"}
{"message":"Mongoose connected to MongoDB.","level":"info","timestamp":"2026-06-01T13:52:06.030Z","requestId":"system"}
{"message":"MongoDB Connected: localhost","level":"info","timestamp":"2026-06-01T13:52:06.032Z","requestId":"system"}
{"message":"Socket.IO authentication middleware started.","level":"debug","timestamp":"2026-06-01T13:52:06.052Z","requestId":"system"}
{"message":"Socket authenticated successfully. User ID: 6a1c6077020a8672571097a8","level":"info","timestamp":"2026-06-01T13:52:06.054Z","requestId":"system"}
{"message":"A user connected: 6a1c6077020a8672571097a8","level":"info","timestamp":"2026-06-01T13:52:06.055Z","requestId":"system"}
{"message":"Socket RyD3X0mKmTdcNZ0lAAAC joined room for user 6a1c6077020a8672571097a8","level":"info","timestamp":"2026-06-01T13:52:06.055Z","requestId":"system"}
{"message":"Socket.IO authentication middleware started.","level":"debug","timestamp":"2026-06-01T13:52:06.057Z","requestId":"system"}
{"message":"Socket authenticated successfully. User ID: 6a19183abab82352f5f46a43","level":"info","timestamp":"2026-06-01T13:52:06.057Z","requestId":"system"}
{"message":"A user connected: 6a19183abab82352f5f46a43","level":"info","timestamp":"2026-06-01T13:52:06.057Z","requestId":"system"}
{"message":"Socket 2xL8hd-BsefLiHRgAAAD joined room for user 6a19183abab82352f5f46a43","level":"info","timestamp":"2026-06-01T13:52:06.057Z","requestId":"system"}
{"message":"Fetched gigs for user: 6a19183abab82352f5f46a43","level":"info","timestamp":"2026-06-01T13:53:29.254Z","requestId":"31ecbc3d-c2bc-4371-8aa6-47e14049a876"}
{"message":"Banner updated for user: 6a1c6077020a8672571097a8","level":"info","timestamp":"2026-06-01T13:57:08.099Z","requestId":"system"}
{"message":"User 6a1c6077020a8672571097a8 disconnected from socket RyD3X0mKmTdcNZ0lAAAC","level":"info","timestamp":"2026-06-01T13:57:08.105Z","requestId":"system"}
{"message":"Socket.IO authentication middleware started.","level":"debug","timestamp":"2026-06-01T13:57:08.134Z","requestId":"system"}
{"message":"Socket authenticated successfully. User ID: 6a1c6077020a8672571097a8","level":"info","timestamp":"2026-06-01T13:57:08.135Z","requestId":"system"}
{"message":"A user connected: 6a1c6077020a8672571097a8","level":"info","timestamp":"2026-06-01T13:57:08.135Z","requestId":"system"}
{"message":"Socket DrQN8J4XjIiCIBpXAAAF joined room for user 6a1c6077020a8672571097a8","level":"info","timestamp":"2026-06-01T13:57:08.136Z","requestId":"system"}
{"message":"User profile updated: 6a1c6077020a8672571097a8","level":"info","timestamp":"2026-06-01T13:57:08.146Z","requestId":"f6184efd-2f45-4eef-b4a4-e9ec3c1b69b9"}
{"message":"Socket.IO authentication middleware started.","level":"debug","timestamp":"2026-06-01T13:57:08.161Z","requestId":"system"}
{"message":"Socket authenticated successfully. User ID: 6a1c6077020a8672571097a8","level":"info","timestamp":"2026-06-01T13:57:08.162Z","requestId":"system"}
{"message":"A user connected: 6a1c6077020a8672571097a8","level":"info","timestamp":"2026-06-01T13:57:08.162Z","requestId":"system"}
{"message":"Socket AOOwbifa7ksFsL0iAAAH joined room for user 6a1c6077020a8672571097a8","level":"info","timestamp":"2026-06-01T13:57:08.162Z","requestId":"system"}
{"message":"User 6a1c6077020a8672571097a8 disconnected from socket DrQN8J4XjIiCIBpXAAAF","level":"info","timestamp":"2026-06-01T13:57:08.251Z","requestId":"system"}
{"message":"User profile updated: 6a1c6077020a8672571097a8","level":"info","timestamp":"2026-06-01T13:57:35.295Z","requestId":"2f262eaa-5277-437f-8a83-9d274fc85bb0"}
{"message":"User 6a1c6077020a8672571097a8 disconnected from socket AOOwbifa7ksFsL0iAAAH","level":"info","timestamp":"2026-06-01T13:57:35.301Z","requestId":"system"}
{"message":"Socket.IO authentication middleware started.","level":"debug","timestamp":"2026-06-01T13:57:35.308Z","requestId":"system"}
{"message":"Socket authenticated successfully. User ID: 6a1c6077020a8672571097a8","level":"info","timestamp":"2026-06-01T13:57:35.308Z","requestId":"system"}
{"message":"A user connected: 6a1c6077020a8672571097a8","level":"info","timestamp":"2026-06-01T13:57:35.309Z","requestId":"system"}
{"message":"Socket ECC-TEtRFwUpCnK_AAAJ joined room for user 6a1c6077020a8672571097a8","level":"info","timestamp":"2026-06-01T13:57:35.309Z","requestId":"system"}
{"message":"User profile updated: 6a1c6077020a8672571097a8","level":"info","timestamp":"2026-06-01T13:57:57.926Z","requestId":"3fc8db58-e699-4856-bfcc-40bad6e9293f"}
{"message":"User 6a1c6077020a8672571097a8 disconnected from socket ECC-TEtRFwUpCnK_AAAJ","level":"info","timestamp":"2026-06-01T13:57:57.936Z","requestId":"system"}
{"message":"Socket.IO authentication middleware started.","level":"debug","timestamp":"2026-06-01T13:57:57.947Z","requestId":"system"}
{"message":"Socket authenticated successfully. User ID: 6a1c6077020a8672571097a8","level":"info","timestamp":"2026-06-01T13:57:57.948Z","requestId":"system"}
{"message":"A user connected: 6a1c6077020a8672571097a8","level":"info","timestamp":"2026-06-01T13:57:57.948Z","requestId":"system"}
{"message":"Socket TFdOCfpBeSd91WbvAAAL joined room for user 6a1c6077020a8672571097a8","level":"info","timestamp":"2026-06-01T13:57:57.948Z","requestId":"system"}
{"message":"User 6a1c6077020a8672571097a8 disconnected from socket TFdOCfpBeSd91WbvAAAL","level":"info","timestamp":"2026-06-01T13:58:01.791Z","requestId":"system"}
{"message":"Fetched gigs for user: 6a19183abab82352f5f46a43","level":"info","timestamp":"2026-06-01T13:58:09.106Z","requestId":"3d355f6d-2290-465d-9680-ffece75d6719"}
{"message":"Socket.IO authentication middleware started.","level":"debug","timestamp":"2026-06-01T13:58:17.669Z","requestId":"system"}
{"message":"Socket authenticated successfully. User ID: 6a1c6077020a8672571097a8","level":"info","timestamp":"2026-06-01T13:58:17.669Z","requestId":"system"}
{"message":"A user connected: 6a1c6077020a8672571097a8","level":"info","timestamp":"2026-06-01T13:58:17.670Z","requestId":"system"}
{"message":"Socket Pbbgy3cdZut0OJjiAAAO joined room for user 6a1c6077020a8672571097a8","level":"info","timestamp":"2026-06-01T13:58:17.670Z","requestId":"system"}
{"message":"User profile updated: 6a1c6077020a8672571097a8","level":"info","timestamp":"2026-06-01T13:58:26.921Z","requestId":"9b0d594f-9040-44c7-a8dd-0af78a3e703e"}
{"message":"User 6a1c6077020a8672571097a8 disconnected from socket Pbbgy3cdZut0OJjiAAAO","level":"info","timestamp":"2026-06-01T13:58:26.930Z","requestId":"system"}
{"message":"Socket.IO authentication middleware started.","level":"debug","timestamp":"2026-06-01T13:58:26.947Z","requestId":"system"}
{"message":"Socket authenticated successfully. User ID: 6a1c6077020a8672571097a8","level":"info","timestamp":"2026-06-01T13:58:26.948Z","requestId":"system"}
{"message":"A user connected: 6a1c6077020a8672571097a8","level":"info","timestamp":"2026-06-01T13:58:26.948Z","requestId":"system"}
{"message":"Socket LE5HnUdL-SUyIyLlAAAQ joined room for user 6a1c6077020a8672571097a8","level":"info","timestamp":"2026-06-01T13:58:26.949Z","requestId":"system"}
